  [1m[35m (38.0ms)[0m  [1m[35mCREATE TABLE "schema_migrations" ("version" character varying NOT NULL PRIMARY KEY)[0m
  [1m[35m (25.4ms)[0m  [1m[35mCREATE TABLE "ar_internal_metadata" ("key" character varying NOT NULL PRIMARY KEY, "value" character varying, "created_at" timestamp NOT NULL, "updated_at" timestamp NOT NULL)[0m
  [1m[35m (29.6ms)[0m  [1m[34mSELECT pg_try_advisory_lock(6581154922474578495)[0m
  [1m[35m (1.2ms)[0m  [1m[34mSELECT "schema_migrations"."version" FROM "schema_migrations" ORDER BY "schema_migrations"."version" ASC[0m
Migrating to CreateApps (20170920015349)
  [1m[35m (6.1ms)[0m  [1m[35mBEGIN[0m
  [1m[35m (26.9ms)[0m  [1m[35mCREATE TABLE "apps" ("id" bigserial primary key, "name" character varying, "description" text, "category" character varying, "price" float, "version" character varying, "author" character varying, "logo" character varying, "featured" boolean, "created_at" timestamp NOT NULL, "updated_at" timestamp NOT NULL)[0m
  [1m[35mSQL (3.7ms)[0m  [1m[32mINSERT INTO "schema_migrations" ("version") VALUES ($1) RETURNING "version"[0m  [["version", "20170920015349"]]
  [1m[35m (1.0ms)[0m  [1m[35mCOMMIT[0m
  [1m[36mActiveRecord::InternalMetadata Load (0.4ms)[0m  [1m[34mSELECT  "ar_internal_metadata".* FROM "ar_internal_metadata" WHERE "ar_internal_metadata"."key" = $1 LIMIT $2[0m  [["key", "environment"], ["LIMIT", 1]]
  [1m[35m (0.2ms)[0m  [1m[35mBEGIN[0m
  [1m[35mSQL (1.8ms)[0m  [1m[32mINSERT INTO "ar_internal_metadata" ("key", "value", "created_at", "updated_at") VALUES ($1, $2, $3, $4) RETURNING "key"[0m  [["key", "environment"], ["value", "development"], ["created_at", "2017-09-20 01:55:35.138826"], ["updated_at", "2017-09-20 01:55:35.138826"]]
  [1m[35m (3.6ms)[0m  [1m[35mCOMMIT[0m
  [1m[35m (1.7ms)[0m  [1m[34mSELECT pg_advisory_unlock(6581154922474578495)[0m
  [1m[35m (7.4ms)[0m  [1m[34mSELECT "schema_migrations"."version" FROM "schema_migrations" ORDER BY "schema_migrations"."version" ASC[0m
  [1m[35m (4.9ms)[0m  [1m[35mDROP DATABASE IF EXISTS "app_store_development"[0m
  [1m[35m (0.3ms)[0m  [1m[35mDROP DATABASE IF EXISTS "app_store_test"[0m
  [1m[35m (1017.2ms)[0m  [1m[35mCREATE DATABASE "app_store_development" ENCODING = 'unicode'[0m
  [1m[35m (261.8ms)[0m  [1m[35mCREATE DATABASE "app_store_test" ENCODING = 'unicode'[0m
  [1m[35m (25.5ms)[0m  [1m[35mCREATE TABLE "schema_migrations" ("version" character varying NOT NULL PRIMARY KEY)[0m
  [1m[35m (11.6ms)[0m  [1m[35mCREATE TABLE "ar_internal_metadata" ("key" character varying NOT NULL PRIMARY KEY, "value" character varying, "created_at" timestamp NOT NULL, "updated_at" timestamp NOT NULL)[0m
  [1m[35m (13.7ms)[0m  [1m[34mSELECT pg_try_advisory_lock(6581154922474578495)[0m
  [1m[35m (0.8ms)[0m  [1m[34mSELECT "schema_migrations"."version" FROM "schema_migrations" ORDER BY "schema_migrations"."version" ASC[0m
Migrating to CreateApps (20170920015349)
  [1m[35m (0.4ms)[0m  [1m[35mBEGIN[0m
  [1m[35m (10.9ms)[0m  [1m[35mCREATE TABLE "apps" ("id" bigserial primary key, "name" character varying, "description" text, "category" character varying, "price" float, "version" character varying, "author" character varying, "logo" character varying, "featured" boolean, "created_at" timestamp NOT NULL, "updated_at" timestamp NOT NULL)[0m
  [1m[35mSQL (1.7ms)[0m  [1m[32mINSERT INTO "schema_migrations" ("version") VALUES ($1) RETURNING "version"[0m  [["version", "20170920015349"]]
  [1m[35m (0.7ms)[0m  [1m[35mCOMMIT[0m
  [1m[36mActiveRecord::InternalMetadata Load (1.3ms)[0m  [1m[34mSELECT  "ar_internal_metadata".* FROM "ar_internal_metadata" WHERE "ar_internal_metadata"."key" = $1 LIMIT $2[0m  [["key", "environment"], ["LIMIT", 1]]
  [1m[35m (0.5ms)[0m  [1m[35mBEGIN[0m
  [1m[35mSQL (1.6ms)[0m  [1m[32mINSERT INTO "ar_internal_metadata" ("key", "value", "created_at", "updated_at") VALUES ($1, $2, $3, $4) RETURNING "key"[0m  [["key", "environment"], ["value", "development"], ["created_at", "2018-03-14 15:44:11.156259"], ["updated_at", "2018-03-14 15:44:11.156259"]]
  [1m[35m (0.8ms)[0m  [1m[35mCOMMIT[0m
  [1m[35m (0.6ms)[0m  [1m[34mSELECT pg_advisory_unlock(6581154922474578495)[0m
  [1m[35m (15.1ms)[0m  [1m[34mSELECT "schema_migrations"."version" FROM "schema_migrations" ORDER BY "schema_migrations"."version" ASC[0m
  [1m[35m (0.4ms)[0m  [1m[34mSELECT "schema_migrations"."version" FROM "schema_migrations" ORDER BY "schema_migrations"."version" ASC[0m
  [1m[35m (0.2ms)[0m  [1m[35mBEGIN[0m
  [1m[35mSQL (1.0ms)[0m  [1m[32mINSERT INTO "apps" ("name", "description", "category", "price", "version", "author", "logo", "featured", "created_at", "updated_at") VALUES ($1, $2, $3, $4, $5, $6, $7, $8, $9, $10) RETURNING "id"[0m  [["name", "Vagram"], ["description", "Enim et dignissimos beatae. Nam pariatur enim sit quidem. Eos quia tenetur impedit. Labore itaque animi vitae quis qui. Eius veniam incidunt voluptate qui consequatur. Et tempore provident vero eveniet porro cum voluptatibus."], ["category", "Health & Fitness"], ["price", 14.94], ["version", "2.1.6"], ["author", "Stanton, Schiller and Schroeder"], ["logo", "https://pigment.github.io/fake-logos/logos/medium/color/2.png"], ["featured", "t"], ["created_at", "2018-03-14 15:44:12.090153"], ["updated_at", "2018-03-14 15:44:12.090153"]]
  [1m[35m (0.5ms)[0m  [1m[35mCOMMIT[0m
  [1m[35m (0.1ms)[0m  [1m[35mBEGIN[0m
  [1m[35mSQL (0.4ms)[0m  [1m[32mINSERT INTO "apps" ("name", "description", "category", "price", "version", "author", "logo", "featured", "created_at", "updated_at") VALUES ($1, $2, $3, $4, $5, $6, $7, $8, $9, $10) RETURNING "id"[0m  [["name", "Cardify"], ["description", "Mollitia atque recusandae autem velit libero maiores dicta. Inventore illo est itaque explicabo ut omnis. Voluptate mollitia illo quo ipsum omnis et. Voluptas rem velit sunt ab vero. Nostrum vitae perspiciatis illo accusamus."], ["category", "Entertainment"], ["price", 28.66], ["version", "0.82"], ["author", "Gerlach, Mayer and Eichmann"], ["logo", "https://pigment.github.io/fake-logos/logos/medium/color/12.png"], ["featured", "t"], ["created_at", "2018-03-14 15:44:12.093784"], ["updated_at", "2018-03-14 15:44:12.093784"]]
  [1m[35m (0.5ms)[0m  [1m[35mCOMMIT[0m
  [1m[35m (0.1ms)[0m  [1m[35mBEGIN[0m
  [1m[35mSQL (0.5ms)[0m  [1m[32mINSERT INTO "apps" ("name", "description", "category", "price", "version", "author", "logo", "featured", "created_at", "updated_at") VALUES ($1, $2, $3, $4, $5, $6, $7, $8, $9, $10) RETURNING "id"[0m  [["name", "Zontrax"], ["description", "Quo quo aut laudantium rem necessitatibus fugit aut. Molestias illum veniam voluptas ut sunt architecto sed. Molestias eos in modi. Sequi a qui enim eaque illum."], ["category", "Sports"], ["price", 18.61], ["version", "7.69"], ["author", "Santina Boyle"], ["logo", "https://pigment.github.io/fake-logos/logos/medium/color/7.png"], ["featured", "f"], ["created_at", "2018-03-14 15:44:12.096285"], ["updated_at", "2018-03-14 15:44:12.096285"]]
  [1m[35m (0.4ms)[0m  [1m[35mCOMMIT[0m
  [1m[35m (0.2ms)[0m  [1m[35mBEGIN[0m
  [1m[35mSQL (0.5ms)[0m  [1m[32mINSERT INTO "apps" ("name", "description", "category", "price", "version", "author", "logo", "featured", "created_at", "updated_at") VALUES ($1, $2, $3, $4, $5, $6, $7, $8, $9, $10) RETURNING "id"[0m  [["name", "Holdlamis"], ["description", "Beatae quae consequatur. Necessitatibus quia maxime ut minima. Id repudiandae incidunt. Quam est et sequi minus et. Sed deleniti nobis natus."], ["category", "Health & Fitness"], ["price", 14.0], ["version", "0.6.2"], ["author", "Reinger, Wunsch and Pfeffer"], ["logo", "https://pigment.github.io/fake-logos/logos/medium/color/1.png"], ["featured", "t"], ["created_at", "2018-03-14 15:44:12.099000"], ["updated_at", "2018-03-14 15:44:12.099000"]]
  [1m[35m (0.5ms)[0m  [1m[35mCOMMIT[0m
  [1m[35m (0.1ms)[0m  [1m[35mBEGIN[0m
  [1m[35mSQL (0.4ms)[0m  [1m[32mINSERT INTO "apps" ("name", "description", "category", "price", "version", "author", "logo", "featured", "created_at", "updated_at") VALUES ($1, $2, $3, $4, $5, $6, $7, $8, $9, $10) RETURNING "id"[0m  [["name", "Transcof"], ["description", "Non ut fugiat porro rem. Ut natus sunt veritatis deleniti culpa suscipit. Eius ipsum repudiandae quidem aut vitae explicabo. Error consectetur debitis id."], ["category", "Health & Fitness"], ["price", 44.63], ["version", "0.4.1"], ["author", "McDermott-Olson"], ["logo", "https://pigment.github.io/fake-logos/logos/medium/color/7.png"], ["featured", "t"], ["created_at", "2018-03-14 15:44:12.101811"], ["updated_at", "2018-03-14 15:44:12.101811"]]
  [1m[35m (0.4ms)[0m  [1m[35mCOMMIT[0m
  [1m[35m (0.1ms)[0m  [1m[35mBEGIN[0m
  [1m[35mSQL (0.4ms)[0m  [1m[32mINSERT INTO "apps" ("name", "description", "category", "price", "version", "author", "logo", "featured", "created_at", "updated_at") VALUES ($1, $2, $3, $4, $5, $6, $7, $8, $9, $10) RETURNING "id"[0m  [["name", "Asoka"], ["description", "Rem eos molestiae voluptas id. Ut temporibus id reiciendis repellendus. Officia est ad et. Suscipit itaque incidunt occaecati quidem. Unde rerum similique velit et dolores aut. Alias enim placeat saepe nisi debitis."], ["category", "Lifestyle"], ["price", 16.82], ["version", "8.8"], ["author", "Royal Jaskolski"], ["logo", "https://pigment.github.io/fake-logos/logos/medium/color/5.png"], ["featured", "f"], ["created_at", "2018-03-14 15:44:12.104328"], ["updated_at", "2018-03-14 15:44:12.104328"]]
  [1m[35m (0.5ms)[0m  [1m[35mCOMMIT[0m
  [1m[35m (0.1ms)[0m  [1m[35mBEGIN[0m
  [1m[35mSQL (0.4ms)[0m  [1m[32mINSERT INTO "apps" ("name", "description", "category", "price", "version", "author", "logo", "featured", "created_at", "updated_at") VALUES ($1, $2, $3, $4, $5, $6, $7, $8, $9, $10) RETURNING "id"[0m  [["name", "Duobam"], ["description", "Quo blanditiis totam temporibus. Vel in delectus omnis sint aut. Ut dicta eveniet. Vel nulla amet. Quia suscipit sint commodi et. Voluptatem ex eum exercitationem consequatur quia."], ["category", "Business"], ["price", 71.76], ["version", "8.6.0"], ["author", "Willy DuBuque III"], ["logo", "https://pigment.github.io/fake-logos/logos/medium/color/10.png"], ["featured", "f"], ["created_at", "2018-03-14 15:44:12.106790"], ["updated_at", "2018-03-14 15:44:12.106790"]]
  [1m[35m (0.4ms)[0m  [1m[35mCOMMIT[0m
  [1m[35m (0.2ms)[0m  [1m[35mBEGIN[0m
  [1m[35mSQL (0.4ms)[0m  [1m[32mINSERT INTO "apps" ("name", "description", "category", "price", "version", "author", "logo", "featured", "created_at", "updated_at") VALUES ($1, $2, $3, $4, $5, $6, $7, $8, $9, $10) RETURNING "id"[0m  [["name", "Matsoft"], ["description", "Quos debitis accusantium. Laudantium debitis consequatur blanditiis facere quod quam. Magni omnis vitae et. Accusamus inventore vero at delectus. Est inventore in velit corrupti. Dolore mollitia iure sint voluptate."], ["category", "Health & Fitness"], ["price", 52.38], ["version", "0.7.3"], ["author", "Botsford-Moen"], ["logo", "https://pigment.github.io/fake-logos/logos/medium/color/4.png"], ["featured", "f"], ["created_at", "2018-03-14 15:44:12.109286"], ["updated_at", "2018-03-14 15:44:12.109286"]]
  [1m[35m (0.5ms)[0m  [1m[35mCOMMIT[0m
  [1m[35m (0.1ms)[0m  [1m[35mBEGIN[0m
  [1m[35mSQL (0.4ms)[0m  [1m[32mINSERT INTO "apps" ("name", "description", "category", "price", "version", "author", "logo", "featured", "created_at", "updated_at") VALUES ($1, $2, $3, $4, $5, $6, $7, $8, $9, $10) RETURNING "id"[0m  [["name", "Bamity"], ["description", "Dolores architecto optio voluptatibus labore. Consequuntur ut natus quas fugiat perspiciatis maxime qui. Minus repellendus quis totam in enim. Dolor sit ipsa perspiciatis ut. Quam sint quisquam modi voluptatem ipsam."], ["category", "Sports"], ["price", 29.51], ["version", "0.93"], ["author", "Otho Orn"], ["logo", "https://pigment.github.io/fake-logos/logos/medium/color/7.png"], ["featured", "t"], ["created_at", "2018-03-14 15:44:12.111732"], ["updated_at", "2018-03-14 15:44:12.111732"]]
  [1m[35m (0.3ms)[0m  [1m[35mCOMMIT[0m
  [1m[35m (0.1ms)[0m  [1m[35mBEGIN[0m
  [1m[35mSQL (0.4ms)[0m  [1m[32mINSERT INTO "apps" ("name", "description", "category", "price", "version", "author", "logo", "featured", "created_at", "updated_at") VALUES ($1, $2, $3, $4, $5, $6, $7, $8, $9, $10) RETURNING "id"[0m  [["name", "Home Ing"], ["description", "Fugiat et voluptatibus voluptatem provident ipsam. Id reiciendis ratione id velit. Dolor aperiam natus magni. Id sequi consequatur deleniti asperiores sed sapiente."], ["category", "Lifestyle"], ["price", 77.11], ["version", "5.4"], ["author", "Lemuel D'Amore"], ["logo", "https://pigment.github.io/fake-logos/logos/medium/color/2.png"], ["featured", "t"], ["created_at", "2018-03-14 15:44:12.114015"], ["updated_at", "2018-03-14 15:44:12.114015"]]
  [1m[35m (0.4ms)[0m  [1m[35mCOMMIT[0m
  [1m[35m (0.1ms)[0m  [1m[35mBEGIN[0m
  [1m[35mSQL (0.4ms)[0m  [1m[32mINSERT INTO "apps" ("name", "description", "category", "price", "version", "author", "logo", "featured", "created_at", "updated_at") VALUES ($1, $2, $3, $4, $5, $6, $7, $8, $9, $10) RETURNING "id"[0m  [["name", "Fintone"], ["description", "Et corrupti asperiores quisquam voluptatem nisi odit ipsa. Ut ut expedita qui minima quia sed. Odio voluptatem iusto quis quia vitae quia. Ab non vel ut voluptas."], ["category", "Entertainment"], ["price", 7.49], ["version", "6.33"], ["author", "Lorena Brown MD"], ["logo", "https://pigment.github.io/fake-logos/logos/medium/color/5.png"], ["featured", "f"], ["created_at", "2018-03-14 15:44:12.116715"], ["updated_at", "2018-03-14 15:44:12.116715"]]
  [1m[35m (0.4ms)[0m  [1m[35mCOMMIT[0m
  [1m[35m (0.1ms)[0m  [1m[35mBEGIN[0m
  [1m[35mSQL (0.4ms)[0m  [1m[32mINSERT INTO "apps" ("name", "description", "category", "price", "version", "author", "logo", "featured", "created_at", "updated_at") VALUES ($1, $2, $3, $4, $5, $6, $7, $8, $9, $10) RETURNING "id"[0m  [["name", "Biodex"], ["description", "Autem adipisci voluptates sint blanditiis. Voluptatem aliquam deleniti eum doloremque dolorum ipsum. Laudantium voluptatibus commodi laboriosam et hic. Et maxime et velit neque delectus qui voluptates. Expedita quam iure nam. Possimus dicta modi tempore."], ["category", "Lifestyle"], ["price", 69.0], ["version", "0.2.8"], ["author", "Salvatore Hayes"], ["logo", "https://pigment.github.io/fake-logos/logos/medium/color/2.png"], ["featured", "t"], ["created_at", "2018-03-14 15:44:12.119361"], ["updated_at", "2018-03-14 15:44:12.119361"]]
  [1m[35m (0.4ms)[0m  [1m[35mCOMMIT[0m
  [1m[35m (0.1ms)[0m  [1m[35mBEGIN[0m
  [1m[35mSQL (0.4ms)[0m  [1m[32mINSERT INTO "apps" ("name", "description", "category", "price", "version", "author", "logo", "featured", "created_at", "updated_at") VALUES ($1, $2, $3, $4, $5, $6, $7, $8, $9, $10) RETURNING "id"[0m  [["name", "Aerified"], ["description", "Quod provident voluptatum quia consequatur. In iste est blanditiis. Exercitationem porro aperiam. Delectus repellendus nihil. Sed consequatur dignissimos. Quis quidem et sed quo ad."], ["category", "Business"], ["price", 15.39], ["version", "4.77"], ["author", "Carissa Little"], ["logo", "https://pigment.github.io/fake-logos/logos/medium/color/9.png"], ["featured", "f"], ["created_at", "2018-03-14 15:44:12.122042"], ["updated_at", "2018-03-14 15:44:12.122042"]]
  [1m[35m (0.5ms)[0m  [1m[35mCOMMIT[0m
  [1m[35m (0.1ms)[0m  [1m[35mBEGIN[0m
  [1m[35mSQL (0.4ms)[0m  [1m[32mINSERT INTO "apps" ("name", "description", "category", "price", "version", "author", "logo", "featured", "created_at", "updated_at") VALUES ($1, $2, $3, $4, $5, $6, $7, $8, $9, $10) RETURNING "id"[0m  [["name", "Redhold"], ["description", "Nihil numquam in. Et et soluta quis occaecati aut. Velit delectus quo. Ut aut ea voluptatem ut voluptatem ut. Ut eveniet commodi neque culpa."], ["category", "Business"], ["price", 51.5], ["version", "5.8.9"], ["author", "Miss Hertha Murazik"], ["logo", "https://pigment.github.io/fake-logos/logos/medium/color/13.png"], ["featured", "t"], ["created_at", "2018-03-14 15:44:12.124548"], ["updated_at", "2018-03-14 15:44:12.124548"]]
  [1m[35m (0.5ms)[0m  [1m[35mCOMMIT[0m
  [1m[35m (0.1ms)[0m  [1m[35mBEGIN[0m
  [1m[35mSQL (0.4ms)[0m  [1m[32mINSERT INTO "apps" ("name", "description", "category", "price", "version", "author", "logo", "featured", "created_at", "updated_at") VALUES ($1, $2, $3, $4, $5, $6, $7, $8, $9, $10) RETURNING "id"[0m  [["name", "Tampflex"], ["description", "Iure et voluptatem rerum quia tenetur. Et voluptas voluptatem voluptatem dolores. Quis quibusdam suscipit et et et. Iste nostrum harum eum sed. Reiciendis consequatur est repudiandae laboriosam eum."], ["category", "Business"], ["price", 24.54], ["version", "2.4"], ["author", "Junius Stokes"], ["logo", "https://pigment.github.io/fake-logos/logos/medium/color/1.png"], ["featured", "f"], ["created_at", "2018-03-14 15:44:12.127038"], ["updated_at", "2018-03-14 15:44:12.127038"]]
  [1m[35m (0.5ms)[0m  [1m[35mCOMMIT[0m
  [1m[35m (0.1ms)[0m  [1m[35mBEGIN[0m
  [1m[35mSQL (0.4ms)[0m  [1m[32mINSERT INTO "apps" ("name", "description", "category", "price", "version", "author", "logo", "featured", "created_at", "updated_at") VALUES ($1, $2, $3, $4, $5, $6, $7, $8, $9, $10) RETURNING "id"[0m  [["name", "Ventosanzap"], ["description", "Expedita qui eos qui laborum quisquam dolore vitae. Ut facere aut consequatur. Illum aspernatur nulla consequatur quisquam dolore saepe minus. Ex ut sapiente explicabo ut nihil."], ["category", "Sports"], ["price", 76.95], ["version", "9.7"], ["author", "Ethelyn Kemmer PhD"], ["logo", "https://pigment.github.io/fake-logos/logos/medium/color/7.png"], ["featured", "f"], ["created_at", "2018-03-14 15:44:12.129555"], ["updated_at", "2018-03-14 15:44:12.129555"]]
  [1m[35m (0.5ms)[0m  [1m[35mCOMMIT[0m
  [1m[35m (0.1ms)[0m  [1m[35mBEGIN[0m
  [1m[35mSQL (0.4ms)[0m  [1m[32mINSERT INTO "apps" ("name", "description", "category", "price", "version", "author", "logo", "featured", "created_at", "updated_at") VALUES ($1, $2, $3, $4, $5, $6, $7, $8, $9, $10) RETURNING "id"[0m  [["name", "Holdlamis"], ["description", "Accusamus sed corporis nam ut necessitatibus reiciendis ullam. Ad perspiciatis laboriosam non non. Alias vel deleniti commodi. Sit atque incidunt et minima. Voluptatibus natus est pariatur illo est commodi."], ["category", "Business"], ["price", 73.17], ["version", "0.54"], ["author", "Larkin Inc"], ["logo", "https://pigment.github.io/fake-logos/logos/medium/color/3.png"], ["featured", "t"], ["created_at", "2018-03-14 15:44:12.132393"], ["updated_at", "2018-03-14 15:44:12.132393"]]
  [1m[35m (0.5ms)[0m  [1m[35mCOMMIT[0m
  [1m[35m (0.1ms)[0m  [1m[35mBEGIN[0m
  [1m[35mSQL (0.4ms)[0m  [1m[32mINSERT INTO "apps" ("name", "description", "category", "price", "version", "author", "logo", "featured", "created_at", "updated_at") VALUES ($1, $2, $3, $4, $5, $6, $7, $8, $9, $10) RETURNING "id"[0m  [["name", "Holdlamis"], ["description", "Architecto in iste molestias ea voluptatem. Nostrum facilis omnis. Et explicabo molestias unde sunt aperiam nihil. Possimus quisquam assumenda nemo. Autem debitis rem."], ["category", "Sports"], ["price", 60.64], ["version", "1.7.4"], ["author", "Cummings Inc"], ["logo", "https://pigment.github.io/fake-logos/logos/medium/color/2.png"], ["featured", "t"], ["created_at", "2018-03-14 15:44:12.135122"], ["updated_at", "2018-03-14 15:44:12.135122"]]
  [1m[35m (0.5ms)[0m  [1m[35mCOMMIT[0m
  [1m[35m (0.2ms)[0m  [1m[35mBEGIN[0m
  [1m[35mSQL (0.4ms)[0m  [1m[32mINSERT INTO "apps" ("name", "description", "category", "price", "version", "author", "logo", "featured", "created_at", "updated_at") VALUES ($1, $2, $3, $4, $5, $6, $7, $8, $9, $10) RETURNING "id"[0m  [["name", "Job"], ["description", "Similique qui animi. Officia voluptatem dolores. Eaque ut id vero id sunt aliquam. Sed maiores sit in rerum rerum eum maxime."], ["category", "Sports"], ["price", 44.26], ["version", "6.1"], ["author", "Rae Windler"], ["logo", "https://pigment.github.io/fake-logos/logos/medium/color/2.png"], ["featured", "f"], ["created_at", "2018-03-14 15:44:12.137631"], ["updated_at", "2018-03-14 15:44:12.137631"]]
  [1m[35m (0.5ms)[0m  [1m[35mCOMMIT[0m
  [1m[35m (0.1ms)[0m  [1m[35mBEGIN[0m
  [1m[35mSQL (0.4ms)[0m  [1m[32mINSERT INTO "apps" ("name", "description", "category", "price", "version", "author", "logo", "featured", "created_at", "updated_at") VALUES ($1, $2, $3, $4, $5, $6, $7, $8, $9, $10) RETURNING "id"[0m  [["name", "Opela"], ["description", "Vel voluptatibus accusantium maiores eos nisi quaerat ut. Minima corporis vel dolor aspernatur itaque impedit. Magnam dignissimos maiores dolorem facilis tempore adipisci aspernatur. Nesciunt suscipit impedit qui aliquam cum. Aspernatur velit voluptatibus quam qui quo. Inventore esse nam laudantium qui ut."], ["category", "Games"], ["price", 84.55], ["version", "0.46"], ["author", "Ms. Danielle Larkin"], ["logo", "https://pigment.github.io/fake-logos/logos/medium/color/4.png"], ["featured", "f"], ["created_at", "2018-03-14 15:44:12.140197"], ["updated_at", "2018-03-14 15:44:12.140197"]]
  [1m[35m (0.5ms)[0m  [1m[35mCOMMIT[0m
  [1m[35m (0.1ms)[0m  [1m[35mBEGIN[0m
  [1m[35mSQL (0.4ms)[0m  [1m[32mINSERT INTO "apps" ("name", "description", "category", "price", "version", "author", "logo", "featured", "created_at", "updated_at") VALUES ($1, $2, $3, $4, $5, $6, $7, $8, $9, $10) RETURNING "id"[0m  [["name", "Matsoft"], ["description", "Quia ut quis et nulla quia error nobis. Earum amet distinctio delectus et nobis. Aut expedita ut qui. Veniam repellat reiciendis at cupiditate commodi dignissimos. Qui corrupti reprehenderit quod nostrum. Assumenda velit molestiae."], ["category", "Business"], ["price", 12.38], ["version", "0.8.8"], ["author", "Rosalind Rolfson"], ["logo", "https://pigment.github.io/fake-logos/logos/medium/color/12.png"], ["featured", "t"], ["created_at", "2018-03-14 15:44:12.142875"], ["updated_at", "2018-03-14 15:44:12.142875"]]
  [1m[35m (0.4ms)[0m  [1m[35mCOMMIT[0m
  [1m[35m (0.1ms)[0m  [1m[35mBEGIN[0m
  [1m[35mSQL (0.6ms)[0m  [1m[32mINSERT INTO "apps" ("name", "description", "category", "price", "version", "author", "logo", "featured", "created_at", "updated_at") VALUES ($1, $2, $3, $4, $5, $6, $7, $8, $9, $10) RETURNING "id"[0m  [["name", "Zontrax"], ["description", "Iusto vitae architecto et reprehenderit voluptatem. Commodi excepturi laborum ut impedit nemo et assumenda. Tempora ut quae ea in suscipit. Sunt repudiandae vel nihil reprehenderit cum debitis voluptatem. Eum id non placeat suscipit animi eos."], ["category", "Lifestyle"], ["price", 32.08], ["version", "3.9"], ["author", "Waelchi-Hilpert"], ["logo", "https://pigment.github.io/fake-logos/logos/medium/color/6.png"], ["featured", "f"], ["created_at", "2018-03-14 15:44:12.145622"], ["updated_at", "2018-03-14 15:44:12.145622"]]
  [1m[35m (0.5ms)[0m  [1m[35mCOMMIT[0m
  [1m[35m (0.1ms)[0m  [1m[35mBEGIN[0m
  [1m[35mSQL (1.0ms)[0m  [1m[32mINSERT INTO "apps" ("name", "description", "category", "price", "version", "author", "logo", "featured", "created_at", "updated_at") VALUES ($1, $2, $3, $4, $5, $6, $7, $8, $9, $10) RETURNING "id"[0m  [["name", "Y-find"], ["description", "Dicta labore optio consectetur assumenda qui. Sed est ad et. Et labore cumque deleniti officia. Maxime corrupti quo dolores recusandae nisi sit rerum. Labore voluptas corporis modi."], ["category", "Lifestyle"], ["price", 52.38], ["version", "0.35"], ["author", "Sharon Wisoky"], ["logo", "https://pigment.github.io/fake-logos/logos/medium/color/4.png"], ["featured", "t"], ["created_at", "2018-03-14 15:44:12.148785"], ["updated_at", "2018-03-14 15:44:12.148785"]]
  [1m[35m (0.6ms)[0m  [1m[35mCOMMIT[0m
  [1m[35m (0.1ms)[0m  [1m[35mBEGIN[0m
  [1m[35mSQL (0.4ms)[0m  [1m[32mINSERT INTO "apps" ("name", "description", "category", "price", "version", "author", "logo", "featured", "created_at", "updated_at") VALUES ($1, $2, $3, $4, $5, $6, $7, $8, $9, $10) RETURNING "id"[0m  [["name", "Ventosanzap"], ["description", "Qui minus aspernatur tenetur. Praesentium corrupti est dolorem. Amet asperiores blanditiis molestiae praesentium qui nihil. Exercitationem maiores totam quia consequatur. Ea reiciendis quasi deleniti sequi consequatur est."], ["category", "Health & Fitness"], ["price", 38.15], ["version", "7.0.8"], ["author", "Abbie Quitzon V"], ["logo", "https://pigment.github.io/fake-logos/logos/medium/color/3.png"], ["featured", "f"], ["created_at", "2018-03-14 15:44:12.153215"], ["updated_at", "2018-03-14 15:44:12.153215"]]
  [1m[35m (0.5ms)[0m  [1m[35mCOMMIT[0m
  [1m[35m (0.1ms)[0m  [1m[35mBEGIN[0m
  [1m[35mSQL (0.4ms)[0m  [1m[32mINSERT INTO "apps" ("name", "description", "category", "price", "version", "author", "logo", "featured", "created_at", "updated_at") VALUES ($1, $2, $3, $4, $5, $6, $7, $8, $9, $10) RETURNING "id"[0m  [["name", "Cardguard"], ["description", "Expedita consequatur id molestiae iusto. Ab aperiam magnam. Culpa aut eos. Beatae ipsa ut. Non cumque voluptatem cum accusamus minima maxime omnis."], ["category", "Business"], ["price", 0.38], ["version", "0.2.6"], ["author", "Swift-Boehm"], ["logo", "https://pigment.github.io/fake-logos/logos/medium/color/3.png"], ["featured", "f"], ["created_at", "2018-03-14 15:44:12.155791"], ["updated_at", "2018-03-14 15:44:12.155791"]]
  [1m[35m (1.1ms)[0m  [1m[35mCOMMIT[0m
  [1m[35m (0.1ms)[0m  [1m[35mBEGIN[0m
  [1m[35mSQL (0.4ms)[0m  [1m[32mINSERT INTO "apps" ("name", "description", "category", "price", "version", "author", "logo", "featured", "created_at", "updated_at") VALUES ($1, $2, $3, $4, $5, $6, $7, $8, $9, $10) RETURNING "id"[0m  [["name", "Duobam"], ["description", "Repellat aut qui. Rerum optio expedita. Amet sunt incidunt. Ab labore ut temporibus minima consectetur et."], ["category", "Health & Fitness"], ["price", 16.26], ["version", "1.8"], ["author", "Isaiah Kuhn"], ["logo", "https://pigment.github.io/fake-logos/logos/medium/color/1.png"], ["featured", "t"], ["created_at", "2018-03-14 15:44:12.159125"], ["updated_at", "2018-03-14 15:44:12.159125"]]
  [1m[35m (0.4ms)[0m  [1m[35mCOMMIT[0m
  [1m[35m (0.1ms)[0m  [1m[35mBEGIN[0m
  [1m[35mSQL (0.4ms)[0m  [1m[32mINSERT INTO "apps" ("name", "description", "category", "price", "version", "author", "logo", "featured", "created_at", "updated_at") VALUES ($1, $2, $3, $4, $5, $6, $7, $8, $9, $10) RETURNING "id"[0m  [["name", "It"], ["description", "Fuga dolor magni vero voluptas debitis necessitatibus vel. Nihil veniam optio occaecati est. Assumenda est debitis. Qui unde laboriosam in quo."], ["category", "Business"], ["price", 99.3], ["version", "0.2.2"], ["author", "Block, Heidenreich and Shields"], ["logo", "https://pigment.github.io/fake-logos/logos/medium/color/7.png"], ["featured", "t"], ["created_at", "2018-03-14 15:44:12.161752"], ["updated_at", "2018-03-14 15:44:12.161752"]]
  [1m[35m (0.4ms)[0m  [1m[35mCOMMIT[0m
  [1m[35m (0.1ms)[0m  [1m[35mBEGIN[0m
  [1m[35mSQL (0.5ms)[0m  [1m[32mINSERT INTO "apps" ("name", "description", "category", "price", "version", "author", "logo", "featured", "created_at", "updated_at") VALUES ($1, $2, $3, $4, $5, $6, $7, $8, $9, $10) RETURNING "id"[0m  [["name", "Wrapsafe"], ["description", "Molestiae sunt vero. Sed accusantium est reiciendis eum. Aut voluptas nemo quas impedit voluptatum ut. Ipsam hic et ipsum illum non sit. Et deleniti quidem cumque voluptatem sint iste inventore. Voluptas cumque similique rerum odio non et temporibus."], ["category", "Health & Fitness"], ["price", 47.97], ["version", "0.59"], ["author", "Rogahn and Sons"], ["logo", "https://pigment.github.io/fake-logos/logos/medium/color/11.png"], ["featured", "f"], ["created_at", "2018-03-14 15:44:12.164234"], ["updated_at", "2018-03-14 15:44:12.164234"]]
  [1m[35m (0.4ms)[0m  [1m[35mCOMMIT[0m
  [1m[35m (0.1ms)[0m  [1m[35mBEGIN[0m
  [1m[35mSQL (0.4ms)[0m  [1m[32mINSERT INTO "apps" ("name", "description", "category", "price", "version", "author", "logo", "featured", "created_at", "updated_at") VALUES ($1, $2, $3, $4, $5, $6, $7, $8, $9, $10) RETURNING "id"[0m  [["name", "Overhold"], ["description", "Dolores fugit omnis ipsam quae cupiditate quia porro. Vero tenetur ipsam quaerat sed voluptatum cum. Ducimus est sed. Dolores in eius qui vel doloribus. Quos debitis omnis."], ["category", "Games"], ["price", 99.07], ["version", "9.41"], ["author", "Harber-Feest"], ["logo", "https://pigment.github.io/fake-logos/logos/medium/color/11.png"], ["featured", "f"], ["created_at", "2018-03-14 15:44:12.167027"], ["updated_at", "2018-03-14 15:44:12.167027"]]
  [1m[35m (0.5ms)[0m  [1m[35mCOMMIT[0m
  [1m[35m (0.1ms)[0m  [1m[35mBEGIN[0m
  [1m[35mSQL (0.4ms)[0m  [1m[32mINSERT INTO "apps" ("name", "description", "category", "price", "version", "author", "logo", "featured", "created_at", "updated_at") VALUES ($1, $2, $3, $4, $5, $6, $7, $8, $9, $10) RETURNING "id"[0m  [["name", "Lotlux"], ["description", "Sapiente odio et ut sit ut autem reiciendis. Perferendis iusto doloribus vero. Qui aut delectus et similique. Delectus optio ad aliquid et velit."], ["category", "Lifestyle"], ["price", 3.94], ["version", "0.7.5"], ["author", "Muller LLC"], ["logo", "https://pigment.github.io/fake-logos/logos/medium/color/4.png"], ["featured", "t"], ["created_at", "2018-03-14 15:44:12.169648"], ["updated_at", "2018-03-14 15:44:12.169648"]]
  [1m[35m (0.4ms)[0m  [1m[35mCOMMIT[0m
  [1m[35m (0.1ms)[0m  [1m[35mBEGIN[0m
  [1m[35mSQL (0.4ms)[0m  [1m[32mINSERT INTO "apps" ("name", "description", "category", "price", "version", "author", "logo", "featured", "created_at", "updated_at") VALUES ($1, $2, $3, $4, $5, $6, $7, $8, $9, $10) RETURNING "id"[0m  [["name", "Duobam"], ["description", "Quam alias aliquam laborum. Non numquam aut et sit laboriosam. Ut molestias sint non eum et. Cupiditate et odit corporis velit."], ["category", "Lifestyle"], ["price", 40.53], ["version", "0.3.5"], ["author", "Tatyana Kris"], ["logo", "https://pigment.github.io/fake-logos/logos/medium/color/4.png"], ["featured", "f"], ["created_at", "2018-03-14 15:44:12.172067"], ["updated_at", "2018-03-14 15:44:12.172067"]]
  [1m[35m (0.4ms)[0m  [1m[35mCOMMIT[0m
  [1m[35m (0.1ms)[0m  [1m[35mBEGIN[0m
  [1m[35mSQL (0.4ms)[0m  [1m[32mINSERT INTO "apps" ("name", "description", "category", "price", "version", "author", "logo", "featured", "created_at", "updated_at") VALUES ($1, $2, $3, $4, $5, $6, $7, $8, $9, $10) RETURNING "id"[0m  [["name", "Rank"], ["description", "Fugiat excepturi eum ex nostrum maiores autem fugit. Nihil tempora voluptas. Accusamus sed dolorem alias quasi voluptatibus neque. Ea nihil adipisci eum incidunt et."], ["category", "Entertainment"], ["price", 59.0], ["version", "5.4.4"], ["author", "Fadel LLC"], ["logo", "https://pigment.github.io/fake-logos/logos/medium/color/13.png"], ["featured", "t"], ["created_at", "2018-03-14 15:44:12.174434"], ["updated_at", "2018-03-14 15:44:12.174434"]]
  [1m[35m (0.5ms)[0m  [1m[35mCOMMIT[0m
  [1m[35m (0.1ms)[0m  [1m[35mBEGIN[0m
  [1m[35mSQL (0.4ms)[0m  [1m[32mINSERT INTO "apps" ("name", "description", "category", "price", "version", "author", "logo", "featured", "created_at", "updated_at") VALUES ($1, $2, $3, $4, $5, $6, $7, $8, $9, $10) RETURNING "id"[0m  [["name", "Daltfresh"], ["description", "Aut non architecto. Magni optio est quo natus perferendis. Deleniti et eum veritatis exercitationem reiciendis consequatur. Rerum et iusto molestias deserunt qui."], ["category", "Sports"], ["price", 66.09], ["version", "8.7"], ["author", "Matilda Kulas DDS"], ["logo", "https://pigment.github.io/fake-logos/logos/medium/color/3.png"], ["featured", "f"], ["created_at", "2018-03-14 15:44:12.176861"], ["updated_at", "2018-03-14 15:44:12.176861"]]
  [1m[35m (0.4ms)[0m  [1m[35mCOMMIT[0m
  [1m[35m (0.1ms)[0m  [1m[35mBEGIN[0m
  [1m[35mSQL (0.4ms)[0m  [1m[32mINSERT INTO "apps" ("name", "description", "category", "price", "version", "author", "logo", "featured", "created_at", "updated_at") VALUES ($1, $2, $3, $4, $5, $6, $7, $8, $9, $10) RETURNING "id"[0m  [["name", "Zontrax"], ["description", "Delectus voluptate deleniti optio cumque voluptatem aut molestias. Sed illo omnis. Ex voluptate iste voluptatem unde. Veritatis eum quis. Ut impedit enim. Et eius qui."], ["category", "Lifestyle"], ["price", 39.85], ["version", "1.6"], ["author", "Donnelly, Crist and Murray"], ["logo", "https://pigment.github.io/fake-logos/logos/medium/color/1.png"], ["featured", "f"], ["created_at", "2018-03-14 15:44:12.179522"], ["updated_at", "2018-03-14 15:44:12.179522"]]
  [1m[35m (0.4ms)[0m  [1m[35mCOMMIT[0m
  [1m[35m (0.1ms)[0m  [1m[35mBEGIN[0m
  [1m[35mSQL (0.4ms)[0m  [1m[32mINSERT INTO "apps" ("name", "description", "category", "price", "version", "author", "logo", "featured", "created_at", "updated_at") VALUES ($1, $2, $3, $4, $5, $6, $7, $8, $9, $10) RETURNING "id"[0m  [["name", "It"], ["description", "Voluptatibus pariatur labore et unde non. Cumque molestiae autem. Quibusdam omnis quidem atque nihil a iste. Voluptatum non pariatur. Nam voluptates voluptate quaerat sed atque sit earum. Fugiat ducimus voluptatibus eius voluptatem."], ["category", "Games"], ["price", 81.1], ["version", "1.4.1"], ["author", "White-Haag"], ["logo", "https://pigment.github.io/fake-logos/logos/medium/color/8.png"], ["featured", "t"], ["created_at", "2018-03-14 15:44:12.182285"], ["updated_at", "2018-03-14 15:44:12.182285"]]
  [1m[35m (0.5ms)[0m  [1m[35mCOMMIT[0m
  [1m[35m (0.2ms)[0m  [1m[35mBEGIN[0m
  [1m[35mSQL (0.4ms)[0m  [1m[32mINSERT INTO "apps" ("name", "description", "category", "price", "version", "author", "logo", "featured", "created_at", "updated_at") VALUES ($1, $2, $3, $4, $5, $6, $7, $8, $9, $10) RETURNING "id"[0m  [["name", "Prodder"], ["description", "Et officiis ut atque architecto nostrum culpa. Error magnam tenetur inventore. Omnis voluptas debitis. Ea corrupti et. Neque nesciunt ipsa. Quos neque et quas ratione quia."], ["category", "Entertainment"], ["price", 59.08], ["version", "2.6"], ["author", "Katrine Medhurst"], ["logo", "https://pigment.github.io/fake-logos/logos/medium/color/2.png"], ["featured", "t"], ["created_at", "2018-03-14 15:44:12.185171"], ["updated_at", "2018-03-14 15:44:12.185171"]]
  [1m[35m (0.5ms)[0m  [1m[35mCOMMIT[0m
  [1m[35m (0.1ms)[0m  [1m[35mBEGIN[0m
  [1m[35mSQL (0.4ms)[0m  [1m[32mINSERT INTO "apps" ("name", "description", "category", "price", "version", "author", "logo", "featured", "created_at", "updated_at") VALUES ($1, $2, $3, $4, $5, $6, $7, $8, $9, $10) RETURNING "id"[0m  [["name", "Subin"], ["description", "Sint sunt expedita. Sunt molestiae illum placeat dolore. Eos corporis ut non rerum sed quis odio. Et eum iste nemo cupiditate fugiat neque. At nam qui nemo officia doloremque nostrum dolorem. Quas fugiat est libero."], ["category", "Lifestyle"], ["price", 2.66], ["version", "0.4.9"], ["author", "Krajcik-Gerlach"], ["logo", "https://pigment.github.io/fake-logos/logos/medium/color/3.png"], ["featured", "t"], ["created_at", "2018-03-14 15:44:12.187749"], ["updated_at", "2018-03-14 15:44:12.187749"]]
  [1m[35m (0.5ms)[0m  [1m[35mCOMMIT[0m
  [1m[35m (0.1ms)[0m  [1m[35mBEGIN[0m
  [1m[35mSQL (0.4ms)[0m  [1m[32mINSERT INTO "apps" ("name", "description", "category", "price", "version", "author", "logo", "featured", "created_at", "updated_at") VALUES ($1, $2, $3, $4, $5, $6, $7, $8, $9, $10) RETURNING "id"[0m  [["name", "Fixflex"], ["description", "Labore dolor sapiente quod maxime. Voluptatem voluptas rerum iusto iste. Sint est iste. Asperiores in fugit ut autem sint quo optio."], ["category", "Business"], ["price", 81.63], ["version", "4.83"], ["author", "Unique Cronin Sr."], ["logo", "https://pigment.github.io/fake-logos/logos/medium/color/12.png"], ["featured", "t"], ["created_at", "2018-03-14 15:44:12.190613"], ["updated_at", "2018-03-14 15:44:12.190613"]]
  [1m[35m (0.5ms)[0m  [1m[35mCOMMIT[0m
  [1m[35m (0.1ms)[0m  [1m[35mBEGIN[0m
  [1m[35mSQL (0.4ms)[0m  [1m[32mINSERT INTO "apps" ("name", "description", "category", "price", "version", "author", "logo", "featured", "created_at", "updated_at") VALUES ($1, $2, $3, $4, $5, $6, $7, $8, $9, $10) RETURNING "id"[0m  [["name", "Fix San"], ["description", "Deleniti labore itaque nulla provident. Ut deleniti dolorum dicta qui deserunt consectetur. In ipsum commodi magni. Provident mollitia laboriosam asperiores iure maxime fugiat. Quia nihil eveniet labore ut nulla voluptas."], ["category", "Lifestyle"], ["price", 85.06], ["version", "0.40"], ["author", "Graciela Rutherford"], ["logo", "https://pigment.github.io/fake-logos/logos/medium/color/9.png"], ["featured", "t"], ["created_at", "2018-03-14 15:44:12.193115"], ["updated_at", "2018-03-14 15:44:12.193115"]]
  [1m[35m (0.5ms)[0m  [1m[35mCOMMIT[0m
  [1m[35m (0.1ms)[0m  [1m[35mBEGIN[0m
  [1m[35mSQL (0.4ms)[0m  [1m[32mINSERT INTO "apps" ("name", "description", "category", "price", "version", "author", "logo", "featured", "created_at", "updated_at") VALUES ($1, $2, $3, $4, $5, $6, $7, $8, $9, $10) RETURNING "id"[0m  [["name", "Lotstring"], ["description", "Molestiae molestiae animi natus a accusamus qui itaque. Aliquam officiis esse non error quam. Aut et voluptatum. Expedita delectus at vero."], ["category", "Lifestyle"], ["price", 33.49], ["version", "1.5"], ["author", "Ottis Heathcote"], ["logo", "https://pigment.github.io/fake-logos/logos/medium/color/1.png"], ["featured", "f"], ["created_at", "2018-03-14 15:44:12.195697"], ["updated_at", "2018-03-14 15:44:12.195697"]]
  [1m[35m (0.4ms)[0m  [1m[35mCOMMIT[0m
  [1m[35m (0.1ms)[0m  [1m[35mBEGIN[0m
  [1m[35mSQL (0.4ms)[0m  [1m[32mINSERT INTO "apps" ("name", "description", "category", "price", "version", "author", "logo", "featured", "created_at", "updated_at") VALUES ($1, $2, $3, $4, $5, $6, $7, $8, $9, $10) RETURNING "id"[0m  [["name", "Gembucket"], ["description", "Et error quidem sit ut dolores vel. Necessitatibus qui ut quia voluptatem. Iure sapiente aliquam est. Aspernatur est quas vitae recusandae laborum dicta. Temporibus doloremque ipsum consectetur perspiciatis soluta."], ["category", "Lifestyle"], ["price", 39.87], ["version", "5.6"], ["author", "Jordy Stanton I"], ["logo", "https://pigment.github.io/fake-logos/logos/medium/color/7.png"], ["featured", "t"], ["created_at", "2018-03-14 15:44:12.198255"], ["updated_at", "2018-03-14 15:44:12.198255"]]
  [1m[35m (0.4ms)[0m  [1m[35mCOMMIT[0m
  [1m[35m (0.1ms)[0m  [1m[35mBEGIN[0m
  [1m[35mSQL (0.4ms)[0m  [1m[32mINSERT INTO "apps" ("name", "description", "category", "price", "version", "author", "logo", "featured", "created_at", "updated_at") VALUES ($1, $2, $3, $4, $5, $6, $7, $8, $9, $10) RETURNING "id"[0m  [["name", "Bigtax"], ["description", "Quo ut rerum est pariatur mollitia placeat. Assumenda recusandae neque sapiente numquam vero. Non reiciendis molestias. Nemo voluptatem occaecati architecto ducimus labore iusto eaque. Velit quis odit maxime quo aliquam. Voluptates placeat ut doloribus dignissimos voluptas aut deleniti."], ["category", "Games"], ["price", 78.71], ["version", "5.0"], ["author", "O'Connell, Jast and Herman"], ["logo", "https://pigment.github.io/fake-logos/logos/medium/color/4.png"], ["featured", "t"], ["created_at", "2018-03-14 15:44:12.200914"], ["updated_at", "2018-03-14 15:44:12.200914"]]
  [1m[35m (0.5ms)[0m  [1m[35mCOMMIT[0m
  [1m[35m (0.1ms)[0m  [1m[35mBEGIN[0m
  [1m[35mSQL (0.4ms)[0m  [1m[32mINSERT INTO "apps" ("name", "description", "category", "price", "version", "author", "logo", "featured", "created_at", "updated_at") VALUES ($1, $2, $3, $4, $5, $6, $7, $8, $9, $10) RETURNING "id"[0m  [["name", "Bitchip"], ["description", "Ipsam molestiae odit. Voluptas doloribus blanditiis molestiae minus modi. Temporibus debitis at pariatur qui mollitia. Unde similique eum aut libero explicabo praesentium. Nihil sint inventore nesciunt consequuntur quis. Et aut recusandae."], ["category", "Sports"], ["price", 53.52], ["version", "9.36"], ["author", "Rau-Romaguera"], ["logo", "https://pigment.github.io/fake-logos/logos/medium/color/11.png"], ["featured", "f"], ["created_at", "2018-03-14 15:44:12.203528"], ["updated_at", "2018-03-14 15:44:12.203528"]]
  [1m[35m (0.5ms)[0m  [1m[35mCOMMIT[0m
  [1m[35m (0.1ms)[0m  [1m[35mBEGIN[0m
  [1m[35mSQL (0.4ms)[0m  [1m[32mINSERT INTO "apps" ("name", "description", "category", "price", "version", "author", "logo", "featured", "created_at", "updated_at") VALUES ($1, $2, $3, $4, $5, $6, $7, $8, $9, $10) RETURNING "id"[0m  [["name", "Trippledex"], ["description", "Recusandae et qui non veniam sed earum sint. Hic temporibus deleniti aliquid aut possimus aliquam dolor. Officiis fugiat harum sed dicta rerum. Omnis reprehenderit est omnis consequuntur. Optio qui dolores eos ducimus adipisci delectus facilis. Reiciendis autem dolores ea."], ["category", "Business"], ["price", 3.48], ["version", "0.45"], ["author", "Brando Witting"], ["logo", "https://pigment.github.io/fake-logos/logos/medium/color/8.png"], ["featured", "f"], ["created_at", "2018-03-14 15:44:12.206058"], ["updated_at", "2018-03-14 15:44:12.206058"]]
  [1m[35m (0.5ms)[0m  [1m[35mCOMMIT[0m
  [1m[35m (0.1ms)[0m  [1m[35mBEGIN[0m
  [1m[35mSQL (0.4ms)[0m  [1m[32mINSERT INTO "apps" ("name", "description", "category", "price", "version", "author", "logo", "featured", "created_at", "updated_at") VALUES ($1, $2, $3, $4, $5, $6, $7, $8, $9, $10) RETURNING "id"[0m  [["name", "Aerified"], ["description", "Unde mollitia ullam ad illum et. Velit sapiente velit maiores recusandae. Autem est aut laboriosam eos voluptate maxime placeat. Vel accusantium debitis fugit impedit et excepturi voluptas."], ["category", "Lifestyle"], ["price", 82.61], ["version", "0.53"], ["author", "Joey Thiel I"], ["logo", "https://pigment.github.io/fake-logos/logos/medium/color/11.png"], ["featured", "f"], ["created_at", "2018-03-14 15:44:12.208604"], ["updated_at", "2018-03-14 15:44:12.208604"]]
  [1m[35m (0.5ms)[0m  [1m[35mCOMMIT[0m
  [1m[35m (0.1ms)[0m  [1m[35mBEGIN[0m
  [1m[35mSQL (0.4ms)[0m  [1m[32mINSERT INTO "apps" ("name", "description", "category", "price", "version", "author", "logo", "featured", "created_at", "updated_at") VALUES ($1, $2, $3, $4, $5, $6, $7, $8, $9, $10) RETURNING "id"[0m  [["name", "Y-Solowarm"], ["description", "Fugiat quo et. Ipsa quis vel saepe et dignissimos. Nihil quia perspiciatis. Doloribus tempore voluptates dolores ipsam ut qui a. Praesentium unde odit. Aperiam nostrum et non."], ["category", "Health & Fitness"], ["price", 41.41], ["version", "0.6.1"], ["author", "Krystal Bayer"], ["logo", "https://pigment.github.io/fake-logos/logos/medium/color/7.png"], ["featured", "t"], ["created_at", "2018-03-14 15:44:12.211167"], ["updated_at", "2018-03-14 15:44:12.211167"]]
  [1m[35m (0.5ms)[0m  [1m[35mCOMMIT[0m
  [1m[35m (0.1ms)[0m  [1m[35mBEGIN[0m
  [1m[35mSQL (0.4ms)[0m  [1m[32mINSERT INTO "apps" ("name", "description", "category", "price", "version", "author", "logo", "featured", "created_at", "updated_at") VALUES ($1, $2, $3, $4, $5, $6, $7, $8, $9, $10) RETURNING "id"[0m  [["name", "Solarbreeze"], ["description", "Modi ipsam repudiandae ab assumenda nesciunt. Et iste ut ad. Nulla et qui ex. Veritatis amet dolores soluta. Iusto harum magni recusandae nihil sed."], ["category", "Sports"], ["price", 40.87], ["version", "0.95"], ["author", "Schulist-Rohan"], ["logo", "https://pigment.github.io/fake-logos/logos/medium/color/13.png"], ["featured", "t"], ["created_at", "2018-03-14 15:44:12.213574"], ["updated_at", "2018-03-14 15:44:12.213574"]]
  [1m[35m (0.5ms)[0m  [1m[35mCOMMIT[0m
  [1m[35m (0.1ms)[0m  [1m[35mBEGIN[0m
  [1m[35mSQL (0.4ms)[0m  [1m[32mINSERT INTO "apps" ("name", "description", "category", "price", "version", "author", "logo", "featured", "created_at", "updated_at") VALUES ($1, $2, $3, $4, $5, $6, $7, $8, $9, $10) RETURNING "id"[0m  [["name", "Konklux"], ["description", "Nam et dolore et. Explicabo deserunt omnis velit. Qui est optio dolorum perferendis. Ut ut amet consequatur similique eum. Laborum labore omnis suscipit amet in."], ["category", "Games"], ["price", 2.99], ["version", "3.8"], ["author", "Santiago Hermann"], ["logo", "https://pigment.github.io/fake-logos/logos/medium/color/2.png"], ["featured", "t"], ["created_at", "2018-03-14 15:44:12.216297"], ["updated_at", "2018-03-14 15:44:12.216297"]]
  [1m[35m (0.5ms)[0m  [1m[35mCOMMIT[0m
  [1m[35m (0.1ms)[0m  [1m[35mBEGIN[0m
  [1m[35mSQL (0.4ms)[0m  [1m[32mINSERT INTO "apps" ("name", "description", "category", "price", "version", "author", "logo", "featured", "created_at", "updated_at") VALUES ($1, $2, $3, $4, $5, $6, $7, $8, $9, $10) RETURNING "id"[0m  [["name", "Duobam"], ["description", "Et dolorum tempora similique. Animi est accusantium quia sint commodi voluptatem ratione. Aperiam quia quia itaque alias amet dicta non. Incidunt recusandae et mollitia ut. Dolore illum doloribus et dolorem voluptate molestias deleniti."], ["category", "Lifestyle"], ["price", 58.53], ["version", "4.25"], ["author", "Emmerich, Kuhn and Bradtke"], ["logo", "https://pigment.github.io/fake-logos/logos/medium/color/11.png"], ["featured", "f"], ["created_at", "2018-03-14 15:44:12.219073"], ["updated_at", "2018-03-14 15:44:12.219073"]]
  [1m[35m (0.5ms)[0m  [1m[35mCOMMIT[0m
  [1m[35m (0.1ms)[0m  [1m[35mBEGIN[0m
  [1m[35mSQL (0.4ms)[0m  [1m[32mINSERT INTO "apps" ("name", "description", "category", "price", "version", "author", "logo", "featured", "created_at", "updated_at") VALUES ($1, $2, $3, $4, $5, $6, $7, $8, $9, $10) RETURNING "id"[0m  [["name", "Andalax"], ["description", "Cumque beatae dignissimos rerum mollitia sed nemo. Doloremque quidem repudiandae ut maiores hic. Nemo commodi quis et deleniti debitis. Ipsa voluptatem consectetur vitae esse quisquam."], ["category", "Health & Fitness"], ["price", 98.69], ["version", "7.3"], ["author", "Ivah Bogan"], ["logo", "https://pigment.github.io/fake-logos/logos/medium/color/10.png"], ["featured", "t"], ["created_at", "2018-03-14 15:44:12.221628"], ["updated_at", "2018-03-14 15:44:12.221628"]]
  [1m[35m (0.5ms)[0m  [1m[35mCOMMIT[0m
  [1m[35m (0.2ms)[0m  [1m[35mBEGIN[0m
  [1m[35mSQL (0.4ms)[0m  [1m[32mINSERT INTO "apps" ("name", "description", "category", "price", "version", "author", "logo", "featured", "created_at", "updated_at") VALUES ($1, $2, $3, $4, $5, $6, $7, $8, $9, $10) RETURNING "id"[0m  [["name", "Alpha"], ["description", "Ad nam et molestias repellat suscipit quaerat ea. Eos sed hic et non nulla rem nam. Totam rem quo nostrum aliquid laudantium. Et labore quia dolores iusto aut. Ipsam quam sint repudiandae quod. Qui vel et voluptas odio eos rem."], ["category", "Entertainment"], ["price", 26.49], ["version", "3.09"], ["author", "Barrows, Anderson and White"], ["logo", "https://pigment.github.io/fake-logos/logos/medium/color/2.png"], ["featured", "t"], ["created_at", "2018-03-14 15:44:12.224280"], ["updated_at", "2018-03-14 15:44:12.224280"]]
  [1m[35m (0.4ms)[0m  [1m[35mCOMMIT[0m
  [1m[35m (0.1ms)[0m  [1m[35mBEGIN[0m
  [1m[35mSQL (0.4ms)[0m  [1m[32mINSERT INTO "apps" ("name", "description", "category", "price", "version", "author", "logo", "featured", "created_at", "updated_at") VALUES ($1, $2, $3, $4, $5, $6, $7, $8, $9, $10) RETURNING "id"[0m  [["name", "Subin"], ["description", "Et ipsam rem. Dolores est dolore nisi earum. Blanditiis veniam pariatur omnis sapiente. Et voluptatem ut non deleniti cumque voluptas minima. Consequuntur hic nihil ea perspiciatis laboriosam excepturi. Repellat sed vel quasi."], ["category", "Lifestyle"], ["price", 8.94], ["version", "9.49"], ["author", "Hipolito O'Kon"], ["logo", "https://pigment.github.io/fake-logos/logos/medium/color/2.png"], ["featured", "f"], ["created_at", "2018-03-14 15:44:12.227059"], ["updated_at", "2018-03-14 15:44:12.227059"]]
  [1m[35m (0.4ms)[0m  [1m[35mCOMMIT[0m
  [1m[35m (0.1ms)[0m  [1m[35mBEGIN[0m
  [1m[35mSQL (0.4ms)[0m  [1m[32mINSERT INTO "apps" ("name", "description", "category", "price", "version", "author", "logo", "featured", "created_at", "updated_at") VALUES ($1, $2, $3, $4, $5, $6, $7, $8, $9, $10) RETURNING "id"[0m  [["name", "Temp"], ["description", "Quos odio magnam est aut corrupti nam dolorum. Voluptatem natus culpa voluptatibus tempore vel unde et. Ullam et qui odio minus sunt nulla. Voluptatum et repellendus iste alias et. Quos voluptate nam dolore vel et."], ["category", "Entertainment"], ["price", 57.31], ["version", "0.10"], ["author", "Smith LLC"], ["logo", "https://pigment.github.io/fake-logos/logos/medium/color/6.png"], ["featured", "t"], ["created_at", "2018-03-14 15:44:12.229556"], ["updated_at", "2018-03-14 15:44:12.229556"]]
  [1m[35m (0.5ms)[0m  [1m[35mCOMMIT[0m
  [1m[35m (0.2ms)[0m  [1m[35mBEGIN[0m
  [1m[35mSQL (0.4ms)[0m  [1m[32mINSERT INTO "apps" ("name", "description", "category", "price", "version", "author", "logo", "featured", "created_at", "updated_at") VALUES ($1, $2, $3, $4, $5, $6, $7, $8, $9, $10) RETURNING "id"[0m  [["name", "Lotlux"], ["description", "Consequatur consequatur voluptates et voluptas. Perferendis delectus porro aperiam maiores. Tempore omnis voluptas nisi ut beatae voluptas qui. Tenetur suscipit aperiam deserunt inventore minus quia qui. Et possimus vero id."], ["category", "Health & Fitness"], ["price", 56.66], ["version", "0.8.7"], ["author", "Bart Schimmel"], ["logo", "https://pigment.github.io/fake-logos/logos/medium/color/1.png"], ["featured", "t"], ["created_at", "2018-03-14 15:44:12.232428"], ["updated_at", "2018-03-14 15:44:12.232428"]]
  [1m[35m (0.4ms)[0m  [1m[35mCOMMIT[0m
  [1m[35m (0.1ms)[0m  [1m[35mBEGIN[0m
  [1m[35mSQL (0.4ms)[0m  [1m[32mINSERT INTO "apps" ("name", "description", "category", "price", "version", "author", "logo", "featured", "created_at", "updated_at") VALUES ($1, $2, $3, $4, $5, $6, $7, $8, $9, $10) RETURNING "id"[0m  [["name", "Matsoft"], ["description", "Unde inventore id architecto. Amet fugiat labore accusantium sapiente sunt perferendis ratione. Ratione atque corrupti. Nostrum et illo nihil rerum nobis iure modi. Voluptatum non reiciendis laudantium cupiditate. Animi distinctio ut dolor."], ["category", "Lifestyle"], ["price", 86.89], ["version", "0.6.7"], ["author", "Nova Kessler I"], ["logo", "https://pigment.github.io/fake-logos/logos/medium/color/6.png"], ["featured", "f"], ["created_at", "2018-03-14 15:44:12.235168"], ["updated_at", "2018-03-14 15:44:12.235168"]]
  [1m[35m (0.5ms)[0m  [1m[35mCOMMIT[0m
  [1m[35m (0.1ms)[0m  [1m[35mBEGIN[0m
  [1m[35mSQL (0.4ms)[0m  [1m[32mINSERT INTO "apps" ("name", "description", "category", "price", "version", "author", "logo", "featured", "created_at", "updated_at") VALUES ($1, $2, $3, $4, $5, $6, $7, $8, $9, $10) RETURNING "id"[0m  [["name", "Temp"], ["description", "Et est atque nesciunt quia. Omnis sit cum quia. Et quisquam qui illum ut ut magni. Adipisci aut molestiae dolorem aut. Id voluptas cumque omnis molestiae. Sed doloribus officiis."], ["category", "Health & Fitness"], ["price", 97.68], ["version", "3.5"], ["author", "Hessel, Treutel and Littel"], ["logo", "https://pigment.github.io/fake-logos/logos/medium/color/9.png"], ["featured", "t"], ["created_at", "2018-03-14 15:44:12.237891"], ["updated_at", "2018-03-14 15:44:12.237891"]]
  [1m[35m (0.4ms)[0m  [1m[35mCOMMIT[0m
  [1m[35m (0.1ms)[0m  [1m[35mBEGIN[0m
  [1m[35mSQL (0.4ms)[0m  [1m[32mINSERT INTO "apps" ("name", "description", "category", "price", "version", "author", "logo", "featured", "created_at", "updated_at") VALUES ($1, $2, $3, $4, $5, $6, $7, $8, $9, $10) RETURNING "id"[0m  [["name", "Tresom"], ["description", "Rerum nam temporibus et accusamus deserunt ad sit. Esse autem qui voluptas. Temporibus sint est maxime labore est. Sed corrupti dolores et sint. Qui odit quia unde quibusdam in esse."], ["category", "Business"], ["price", 90.38], ["version", "9.4.8"], ["author", "Mrs. Krystel Klein"], ["logo", "https://pigment.github.io/fake-logos/logos/medium/color/7.png"], ["featured", "t"], ["created_at", "2018-03-14 15:44:12.240420"], ["updated_at", "2018-03-14 15:44:12.240420"]]
  [1m[35m (0.4ms)[0m  [1m[35mCOMMIT[0m
  [1m[35m (0.1ms)[0m  [1m[35mBEGIN[0m
  [1m[35mSQL (0.4ms)[0m  [1m[32mINSERT INTO "apps" ("name", "description", "category", "price", "version", "author", "logo", "featured", "created_at", "updated_at") VALUES ($1, $2, $3, $4, $5, $6, $7, $8, $9, $10) RETURNING "id"[0m  [["name", "Span"], ["description", "Et dolorem non. Nobis quae vel corrupti id voluptas fuga nisi. Pariatur quam et laudantium ea. Esse et soluta ad. Corporis voluptate et dolor illo est voluptatem dolorem."], ["category", "Sports"], ["price", 43.78], ["version", "2.3"], ["author", "Amina Champlin"], ["logo", "https://pigment.github.io/fake-logos/logos/medium/color/6.png"], ["featured", "f"], ["created_at", "2018-03-14 15:44:12.243041"], ["updated_at", "2018-03-14 15:44:12.243041"]]
  [1m[35m (0.4ms)[0m  [1m[35mCOMMIT[0m
  [1m[35m (0.1ms)[0m  [1m[35mBEGIN[0m
  [1m[35mSQL (0.4ms)[0m  [1m[32mINSERT INTO "apps" ("name", "description", "category", "price", "version", "author", "logo", "featured", "created_at", "updated_at") VALUES ($1, $2, $3, $4, $5, $6, $7, $8, $9, $10) RETURNING "id"[0m  [["name", "Quo Lux"], ["description", "Nesciunt tempore quasi. Est asperiores fugiat eius. Dolore aut ut cupiditate adipisci placeat. Voluptates iure consectetur soluta similique qui sint. Enim accusamus accusantium."], ["category", "Games"], ["price", 29.35], ["version", "3.5.0"], ["author", "Merle Bartoletti"], ["logo", "https://pigment.github.io/fake-logos/logos/medium/color/1.png"], ["featured", "t"], ["created_at", "2018-03-14 15:44:12.245585"], ["updated_at", "2018-03-14 15:44:12.245585"]]
  [1m[35m (0.5ms)[0m  [1m[35mCOMMIT[0m
  [1m[35m (0.2ms)[0m  [1m[35mBEGIN[0m
  [1m[35mSQL (0.4ms)[0m  [1m[32mINSERT INTO "apps" ("name", "description", "category", "price", "version", "author", "logo", "featured", "created_at", "updated_at") VALUES ($1, $2, $3, $4, $5, $6, $7, $8, $9, $10) RETURNING "id"[0m  [["name", "Sonair"], ["description", "Nemo cum vel voluptas. Et magni molestiae sit neque aut numquam at. Eum molestiae consequatur. Unde atque aliquam sit est aut minus. Cupiditate illo aut libero."], ["category", "Games"], ["price", 92.55], ["version", "7.50"], ["author", "Jakob Bogan DDS"], ["logo", "https://pigment.github.io/fake-logos/logos/medium/color/3.png"], ["featured", "f"], ["created_at", "2018-03-14 15:44:12.248171"], ["updated_at", "2018-03-14 15:44:12.248171"]]
  [1m[35m (0.4ms)[0m  [1m[35mCOMMIT[0m
  [1m[35m (0.1ms)[0m  [1m[35mBEGIN[0m
  [1m[35mSQL (0.4ms)[0m  [1m[32mINSERT INTO "apps" ("name", "description", "category", "price", "version", "author", "logo", "featured", "created_at", "updated_at") VALUES ($1, $2, $3, $4, $5, $6, $7, $8, $9, $10) RETURNING "id"[0m  [["name", "Y-Solowarm"], ["description", "Non qui iure rerum. A rem beatae iusto necessitatibus. Quis et architecto. Sit molestias saepe inventore."], ["category", "Sports"], ["price", 45.65], ["version", "7.85"], ["author", "Dortha Kertzmann"], ["logo", "https://pigment.github.io/fake-logos/logos/medium/color/7.png"], ["featured", "t"], ["created_at", "2018-03-14 15:44:12.250960"], ["updated_at", "2018-03-14 15:44:12.250960"]]
  [1m[35m (0.4ms)[0m  [1m[35mCOMMIT[0m
  [1m[35m (0.1ms)[0m  [1m[35mBEGIN[0m
  [1m[35mSQL (0.4ms)[0m  [1m[32mINSERT INTO "apps" ("name", "description", "category", "price", "version", "author", "logo", "featured", "created_at", "updated_at") VALUES ($1, $2, $3, $4, $5, $6, $7, $8, $9, $10) RETURNING "id"[0m  [["name", "Opela"], ["description", "Vero totam aut laboriosam velit. Illum sed doloremque laudantium est. Et eum asperiores consequatur sunt nostrum. Sint dolorem sed aut illum quisquam ut."], ["category", "Games"], ["price", 39.32], ["version", "0.4.0"], ["author", "Windler, Rolfson and Jerde"], ["logo", "https://pigment.github.io/fake-logos/logos/medium/color/7.png"], ["featured", "f"], ["created_at", "2018-03-14 15:44:12.253616"], ["updated_at", "2018-03-14 15:44:12.253616"]]
  [1m[35m (0.5ms)[0m  [1m[35mCOMMIT[0m
  [1m[35m (0.2ms)[0m  [1m[35mBEGIN[0m
  [1m[35mSQL (0.4ms)[0m  [1m[32mINSERT INTO "apps" ("name", "description", "category", "price", "version", "author", "logo", "featured", "created_at", "updated_at") VALUES ($1, $2, $3, $4, $5, $6, $7, $8, $9, $10) RETURNING "id"[0m  [["name", "Transcof"], ["description", "Explicabo doloribus nihil eos minima natus. Cumque reiciendis qui modi eaque velit in. Quia voluptas exercitationem. Nihil ut tempora ratione corporis expedita voluptatibus iste. Natus et doloribus laborum labore laboriosam."], ["category", "Sports"], ["price", 79.41], ["version", "0.9.5"], ["author", "Bednar, Nienow and Pouros"], ["logo", "https://pigment.github.io/fake-logos/logos/medium/color/10.png"], ["featured", "f"], ["created_at", "2018-03-14 15:44:12.256237"], ["updated_at", "2018-03-14 15:44:12.256237"]]
  [1m[35m (0.5ms)[0m  [1m[35mCOMMIT[0m
  [1m[35m (0.1ms)[0m  [1m[35mBEGIN[0m
  [1m[35mSQL (0.4ms)[0m  [1m[32mINSERT INTO "apps" ("name", "description", "category", "price", "version", "author", "logo", "featured", "created_at", "updated_at") VALUES ($1, $2, $3, $4, $5, $6, $7, $8, $9, $10) RETURNING "id"[0m  [["name", "Tres-Zap"], ["description", "Eum pariatur qui error est optio alias assumenda. Voluptas sed totam quos quia pariatur expedita. Saepe beatae ut sed. Aliquid placeat sint aut eveniet ut id rerum. Eligendi at saepe esse. Sunt labore quia est non."], ["category", "Lifestyle"], ["price", 79.53], ["version", "5.72"], ["author", "Halvorson, Kohler and Dicki"], ["logo", "https://pigment.github.io/fake-logos/logos/medium/color/3.png"], ["featured", "f"], ["created_at", "2018-03-14 15:44:12.258790"], ["updated_at", "2018-03-14 15:44:12.258790"]]
  [1m[35m (0.4ms)[0m  [1m[35mCOMMIT[0m
  [1m[35m (0.1ms)[0m  [1m[35mBEGIN[0m
  [1m[35mSQL (0.4ms)[0m  [1m[32mINSERT INTO "apps" ("name", "description", "category", "price", "version", "author", "logo", "featured", "created_at", "updated_at") VALUES ($1, $2, $3, $4, $5, $6, $7, $8, $9, $10) RETURNING "id"[0m  [["name", "Andalax"], ["description", "Sed id architecto ullam beatae. Nihil aut rerum ipsum dolore harum quaerat cupiditate. Dolorem modi quas labore sint laboriosam maiores. Repudiandae aut qui aut."], ["category", "Health & Fitness"], ["price", 53.74], ["version", "0.82"], ["author", "Green Group"], ["logo", "https://pigment.github.io/fake-logos/logos/medium/color/13.png"], ["featured", "f"], ["created_at", "2018-03-14 15:44:12.261361"], ["updated_at", "2018-03-14 15:44:12.261361"]]
  [1m[35m (0.5ms)[0m  [1m[35mCOMMIT[0m
  [1m[35m (0.1ms)[0m  [1m[35mBEGIN[0m
  [1m[35mSQL (0.4ms)[0m  [1m[32mINSERT INTO "apps" ("name", "description", "category", "price", "version", "author", "logo", "featured", "created_at", "updated_at") VALUES ($1, $2, $3, $4, $5, $6, $7, $8, $9, $10) RETURNING "id"[0m  [["name", "Toughjoyfax"], ["description", "Eaque veritatis et laudantium nesciunt est non nulla. Quia tenetur voluptate aut. Est saepe corrupti ut et. Quod impedit tempora accusantium est quaerat distinctio ullam. Nisi minus autem et repellat."], ["category", "Business"], ["price", 53.12], ["version", "0.3.2"], ["author", "Jaylan King"], ["logo", "https://pigment.github.io/fake-logos/logos/medium/color/9.png"], ["featured", "t"], ["created_at", "2018-03-14 15:44:12.264024"], ["updated_at", "2018-03-14 15:44:12.264024"]]
  [1m[35m (0.5ms)[0m  [1m[35mCOMMIT[0m
  [1m[35m (0.2ms)[0m  [1m[35mBEGIN[0m
  [1m[35mSQL (1.1ms)[0m  [1m[32mINSERT INTO "apps" ("name", "description", "category", "price", "version", "author", "logo", "featured", "created_at", "updated_at") VALUES ($1, $2, $3, $4, $5, $6, $7, $8, $9, $10) RETURNING "id"[0m  [["name", "Matsoft"], ["description", "Sapiente et commodi quia ipsam voluptatem corrupti. Est voluptates quas eos commodi eligendi nihil. Quia suscipit et ipsa rerum sit. Dolorem consequatur ab error tenetur ullam. Et quod quam eum qui accusamus dolor. Optio modi quo eaque."], ["category", "Sports"], ["price", 54.05], ["version", "0.54"], ["author", "Coty Little"], ["logo", "https://pigment.github.io/fake-logos/logos/medium/color/5.png"], ["featured", "f"], ["created_at", "2018-03-14 15:44:12.267303"], ["updated_at", "2018-03-14 15:44:12.267303"]]
  [1m[35m (0.6ms)[0m  [1m[35mCOMMIT[0m
  [1m[35m (0.1ms)[0m  [1m[35mBEGIN[0m
  [1m[35mSQL (0.4ms)[0m  [1m[32mINSERT INTO "apps" ("name", "description", "category", "price", "version", "author", "logo", "featured", "created_at", "updated_at") VALUES ($1, $2, $3, $4, $5, $6, $7, $8, $9, $10) RETURNING "id"[0m  [["name", "Fixflex"], ["description", "Dolor veritatis eos ut id vero sed et. Omnis adipisci iusto aliquid quia ea rerum. Nulla soluta molestiae aliquam quos veniam. Quas cupiditate commodi voluptas deserunt. Ut quisquam voluptatibus eum qui esse sed enim."], ["category", "Health & Fitness"], ["price", 21.93], ["version", "0.34"], ["author", "Brittany Kohler"], ["logo", "https://pigment.github.io/fake-logos/logos/medium/color/9.png"], ["featured", "f"], ["created_at", "2018-03-14 15:44:12.271942"], ["updated_at", "2018-03-14 15:44:12.271942"]]
  [1m[35m (0.5ms)[0m  [1m[35mCOMMIT[0m
  [1m[35m (0.1ms)[0m  [1m[35mBEGIN[0m
  [1m[35mSQL (0.4ms)[0m  [1m[32mINSERT INTO "apps" ("name", "description", "category", "price", "version", "author", "logo", "featured", "created_at", "updated_at") VALUES ($1, $2, $3, $4, $5, $6, $7, $8, $9, $10) RETURNING "id"[0m  [["name", "Andalax"], ["description", "Sed quo natus id quibusdam earum magnam. Distinctio quo omnis aspernatur voluptatem consequatur. Commodi et ea quo molestiae est. Ea explicabo non."], ["category", "Health & Fitness"], ["price", 13.58], ["version", "0.61"], ["author", "Ethelyn Cremin"], ["logo", "https://pigment.github.io/fake-logos/logos/medium/color/2.png"], ["featured", "t"], ["created_at", "2018-03-14 15:44:12.274575"], ["updated_at", "2018-03-14 15:44:12.274575"]]
  [1m[35m (0.5ms)[0m  [1m[35mCOMMIT[0m
  [1m[35m (0.1ms)[0m  [1m[35mBEGIN[0m
  [1m[35mSQL (0.4ms)[0m  [1m[32mINSERT INTO "apps" ("name", "description", "category", "price", "version", "author", "logo", "featured", "created_at", "updated_at") VALUES ($1, $2, $3, $4, $5, $6, $7, $8, $9, $10) RETURNING "id"[0m  [["name", "Treeflex"], ["description", "Vel in natus at sunt. Assumenda eligendi dolorem. Praesentium quos nostrum itaque blanditiis earum. Fugiat error doloribus. Et occaecati modi. Et odio placeat rerum quae ut nam."], ["category", "Sports"], ["price", 42.88], ["version", "0.99"], ["author", "Frami-VonRueden"], ["logo", "https://pigment.github.io/fake-logos/logos/medium/color/3.png"], ["featured", "t"], ["created_at", "2018-03-14 15:44:12.277297"], ["updated_at", "2018-03-14 15:44:12.277297"]]
  [1m[35m (0.5ms)[0m  [1m[35mCOMMIT[0m
  [1m[35m (0.1ms)[0m  [1m[35mBEGIN[0m
  [1m[35mSQL (0.4ms)[0m  [1m[32mINSERT INTO "apps" ("name", "description", "category", "price", "version", "author", "logo", "featured", "created_at", "updated_at") VALUES ($1, $2, $3, $4, $5, $6, $7, $8, $9, $10) RETURNING "id"[0m  [["name", "Wrapsafe"], ["description", "Sint laudantium et aut quisquam nulla. Occaecati dolor voluptas consequatur est quia dolore. Id et illum ut. Non doloremque accusamus dolores libero. Aut laborum quos ratione est voluptate provident eius."], ["category", "Sports"], ["price", 72.9], ["version", "0.6.9"], ["author", "Mrs. Gabe Funk"], ["logo", "https://pigment.github.io/fake-logos/logos/medium/color/13.png"], ["featured", "f"], ["created_at", "2018-03-14 15:44:12.279936"], ["updated_at", "2018-03-14 15:44:12.279936"]]
  [1m[35m (0.4ms)[0m  [1m[35mCOMMIT[0m
  [1m[35m (0.2ms)[0m  [1m[35mBEGIN[0m
  [1m[35mSQL (1.1ms)[0m  [1m[32mINSERT INTO "apps" ("name", "description", "category", "price", "version", "author", "logo", "featured", "created_at", "updated_at") VALUES ($1, $2, $3, $4, $5, $6, $7, $8, $9, $10) RETURNING "id"[0m  [["name", "Otcom"], ["description", "Aut ad minus. Et dolorem aliquid ut voluptatem voluptas impedit. Voluptas praesentium voluptatem aut. Autem deleniti quo ad occaecati. Ut sint reprehenderit aut facere nemo deleniti harum. Optio dolores qui architecto laudantium ut qui aut."], ["category", "Health & Fitness"], ["price", 98.22], ["version", "1.1.2"], ["author", "Joe Veum V"], ["logo", "https://pigment.github.io/fake-logos/logos/medium/color/4.png"], ["featured", "f"], ["created_at", "2018-03-14 15:44:12.282805"], ["updated_at", "2018-03-14 15:44:12.282805"]]
  [1m[35m (0.5ms)[0m  [1m[35mCOMMIT[0m
  [1m[35m (0.1ms)[0m  [1m[35mBEGIN[0m
  [1m[35mSQL (0.4ms)[0m  [1m[32mINSERT INTO "apps" ("name", "description", "category", "price", "version", "author", "logo", "featured", "created_at", "updated_at") VALUES ($1, $2, $3, $4, $5, $6, $7, $8, $9, $10) RETURNING "id"[0m  [["name", "Hatity"], ["description", "Id excepturi veritatis et et nostrum dolorem. Vitae quaerat soluta. Modi ipsa dolorem. Soluta quos et doloribus non rerum deleniti."], ["category", "Lifestyle"], ["price", 90.87], ["version", "0.50"], ["author", "Rodger Renner"], ["logo", "https://pigment.github.io/fake-logos/logos/medium/color/13.png"], ["featured", "t"], ["created_at", "2018-03-14 15:44:12.286961"], ["updated_at", "2018-03-14 15:44:12.286961"]]
  [1m[35m (0.5ms)[0m  [1m[35mCOMMIT[0m
  [1m[35m (0.1ms)[0m  [1m[35mBEGIN[0m
  [1m[35mSQL (0.4ms)[0m  [1m[32mINSERT INTO "apps" ("name", "description", "category", "price", "version", "author", "logo", "featured", "created_at", "updated_at") VALUES ($1, $2, $3, $4, $5, $6, $7, $8, $9, $10) RETURNING "id"[0m  [["name", "Keylex"], ["description", "Animi et non eius quam illum unde enim. Fugit deserunt dolor omnis blanditiis reprehenderit autem. Aut qui eos et dolorem. Perspiciatis rerum et quasi ut reprehenderit et."], ["category", "Health & Fitness"], ["price", 88.64], ["version", "8.10"], ["author", "Jessie Hermiston"], ["logo", "https://pigment.github.io/fake-logos/logos/medium/color/8.png"], ["featured", "f"], ["created_at", "2018-03-14 15:44:12.289518"], ["updated_at", "2018-03-14 15:44:12.289518"]]
  [1m[35m (0.5ms)[0m  [1m[35mCOMMIT[0m
  [1m[35m (0.1ms)[0m  [1m[35mBEGIN[0m
  [1m[35mSQL (0.4ms)[0m  [1m[32mINSERT INTO "apps" ("name", "description", "category", "price", "version", "author", "logo", "featured", "created_at", "updated_at") VALUES ($1, $2, $3, $4, $5, $6, $7, $8, $9, $10) RETURNING "id"[0m  [["name", "Redhold"], ["description", "Et eius eaque. A ab incidunt omnis minima aut asperiores quam. Voluptas id optio reprehenderit aspernatur dolor. Ratione omnis tempora id et asperiores nihil consectetur. Corrupti veniam facere. Itaque distinctio a."], ["category", "Business"], ["price", 69.2], ["version", "1.7.7"], ["author", "Reichert Inc"], ["logo", "https://pigment.github.io/fake-logos/logos/medium/color/8.png"], ["featured", "f"], ["created_at", "2018-03-14 15:44:12.292131"], ["updated_at", "2018-03-14 15:44:12.292131"]]
  [1m[35m (0.4ms)[0m  [1m[35mCOMMIT[0m
  [1m[35m (0.2ms)[0m  [1m[35mBEGIN[0m
  [1m[35mSQL (0.4ms)[0m  [1m[32mINSERT INTO "apps" ("name", "description", "category", "price", "version", "author", "logo", "featured", "created_at", "updated_at") VALUES ($1, $2, $3, $4, $5, $6, $7, $8, $9, $10) RETURNING "id"[0m  [["name", "Y-find"], ["description", "Sed neque voluptas dignissimos. Quis cum voluptatem qui reiciendis. Optio debitis est fugit non. Delectus sit voluptatem quae."], ["category", "Health & Fitness"], ["price", 44.56], ["version", "0.81"], ["author", "Johnson Group"], ["logo", "https://pigment.github.io/fake-logos/logos/medium/color/8.png"], ["featured", "t"], ["created_at", "2018-03-14 15:44:12.294748"], ["updated_at", "2018-03-14 15:44:12.294748"]]
  [1m[35m (0.5ms)[0m  [1m[35mCOMMIT[0m
  [1m[35m (0.2ms)[0m  [1m[35mBEGIN[0m
  [1m[35mSQL (0.5ms)[0m  [1m[32mINSERT INTO "apps" ("name", "description", "category", "price", "version", "author", "logo", "featured", "created_at", "updated_at") VALUES ($1, $2, $3, $4, $5, $6, $7, $8, $9, $10) RETURNING "id"[0m  [["name", "Fix San"], ["description", "Incidunt quos in facere similique. Aut tenetur minima iure vero et iusto est. Natus ut totam eos veniam. Aut quaerat eum eligendi. Enim ipsam et incidunt vero ullam quis voluptas."], ["category", "Lifestyle"], ["price", 6.98], ["version", "0.5.6"], ["author", "Margarett Williamson"], ["logo", "https://pigment.github.io/fake-logos/logos/medium/color/12.png"], ["featured", "f"], ["created_at", "2018-03-14 15:44:12.297405"], ["updated_at", "2018-03-14 15:44:12.297405"]]
  [1m[35m (0.5ms)[0m  [1m[35mCOMMIT[0m
  [1m[35m (0.2ms)[0m  [1m[35mBEGIN[0m
  [1m[35mSQL (0.5ms)[0m  [1m[32mINSERT INTO "apps" ("name", "description", "category", "price", "version", "author", "logo", "featured", "created_at", "updated_at") VALUES ($1, $2, $3, $4, $5, $6, $7, $8, $9, $10) RETURNING "id"[0m  [["name", "Namfix"], ["description", "Et atque nesciunt dolores facilis veritatis ut et. Aut et officia aut deleniti doloremque enim. Quia sit facere aperiam fuga. Molestiae nostrum voluptas repellendus et et et quasi. Ipsa ut qui quia odit explicabo distinctio."], ["category", "Lifestyle"], ["price", 81.84], ["version", "5.06"], ["author", "Della Stracke DDS"], ["logo", "https://pigment.github.io/fake-logos/logos/medium/color/3.png"], ["featured", "t"], ["created_at", "2018-03-14 15:44:12.302378"], ["updated_at", "2018-03-14 15:44:12.302378"]]
  [1m[35m (14.1ms)[0m  [1m[35mCOMMIT[0m
  [1m[35m (0.3ms)[0m  [1m[35mBEGIN[0m
  [1m[35mSQL (0.8ms)[0m  [1m[32mINSERT INTO "apps" ("name", "description", "category", "price", "version", "author", "logo", "featured", "created_at", "updated_at") VALUES ($1, $2, $3, $4, $5, $6, $7, $8, $9, $10) RETURNING "id"[0m  [["name", "Pannier"], ["description", "Facere a quos dolor nostrum. Est dicta iure voluptatem qui officia. Consectetur facere a. Asperiores deserunt et nam accusamus omnis. Ducimus omnis praesentium quia vero maiores quae."], ["category", "Entertainment"], ["price", 17.99], ["version", "0.1.5"], ["author", "Ward-Lindgren"], ["logo", "https://pigment.github.io/fake-logos/logos/medium/color/11.png"], ["featured", "t"], ["created_at", "2018-03-14 15:44:12.320301"], ["updated_at", "2018-03-14 15:44:12.320301"]]
  [1m[35m (3.5ms)[0m  [1m[35mCOMMIT[0m
  [1m[35m (0.2ms)[0m  [1m[35mBEGIN[0m
  [1m[35mSQL (0.6ms)[0m  [1m[32mINSERT INTO "apps" ("name", "description", "category", "price", "version", "author", "logo", "featured", "created_at", "updated_at") VALUES ($1, $2, $3, $4, $5, $6, $7, $8, $9, $10) RETURNING "id"[0m  [["name", "Andalax"], ["description", "Excepturi modi dolorem recusandae nihil ratione et. Eos non ab commodi delectus. Vel voluptatibus laudantium molestiae at ea earum mollitia. Reprehenderit totam blanditiis. Ea necessitatibus ipsa error tempore voluptates voluptatibus. Ut ea sint ut iusto ipsam vel deserunt."], ["category", "Sports"], ["price", 20.48], ["version", "0.5.5"], ["author", "Cummings-Breitenberg"], ["logo", "https://pigment.github.io/fake-logos/logos/medium/color/2.png"], ["featured", "t"], ["created_at", "2018-03-14 15:44:12.327942"], ["updated_at", "2018-03-14 15:44:12.327942"]]
  [1m[35m (6.6ms)[0m  [1m[35mCOMMIT[0m
  [1m[35m (0.1ms)[0m  [1m[35mBEGIN[0m
  [1m[35mSQL (0.5ms)[0m  [1m[32mINSERT INTO "apps" ("name", "description", "category", "price", "version", "author", "logo", "featured", "created_at", "updated_at") VALUES ($1, $2, $3, $4, $5, $6, $7, $8, $9, $10) RETURNING "id"[0m  [["name", "Greenlam"], ["description", "Quo debitis at sapiente necessitatibus architecto. Ipsa in rerum laboriosam deleniti. Adipisci voluptates magni. Delectus autem ipsa sed. Temporibus amet et nostrum laudantium velit. Sit et maiores optio voluptas nam."], ["category", "Sports"], ["price", 52.37], ["version", "0.8.9"], ["author", "Skyla Conn"], ["logo", "https://pigment.github.io/fake-logos/logos/medium/color/12.png"], ["featured", "t"], ["created_at", "2018-03-14 15:44:12.337815"], ["updated_at", "2018-03-14 15:44:12.337815"]]
  [1m[35m (0.5ms)[0m  [1m[35mCOMMIT[0m
  [1m[35m (0.1ms)[0m  [1m[35mBEGIN[0m
  [1m[35mSQL (0.4ms)[0m  [1m[32mINSERT INTO "apps" ("name", "description", "category", "price", "version", "author", "logo", "featured", "created_at", "updated_at") VALUES ($1, $2, $3, $4, $5, $6, $7, $8, $9, $10) RETURNING "id"[0m  [["name", "Asoka"], ["description", "Officia quos occaecati rerum recusandae. Corporis voluptatem quaerat modi dolor sit. Est eos libero ea consequatur quam laborum et. Corrupti voluptatem ut accusamus ut et suscipit. Aut quasi consequatur non voluptas omnis explicabo accusamus. Debitis dolorum vero ipsum esse."], ["category", "Lifestyle"], ["price", 86.65], ["version", "8.1.3"], ["author", "Fabian Williamson"], ["logo", "https://pigment.github.io/fake-logos/logos/medium/color/2.png"], ["featured", "t"], ["created_at", "2018-03-14 15:44:12.340607"], ["updated_at", "2018-03-14 15:44:12.340607"]]
  [1m[35m (0.4ms)[0m  [1m[35mCOMMIT[0m
  [1m[35m (0.1ms)[0m  [1m[35mBEGIN[0m
  [1m[35mSQL (0.4ms)[0m  [1m[32mINSERT INTO "apps" ("name", "description", "category", "price", "version", "author", "logo", "featured", "created_at", "updated_at") VALUES ($1, $2, $3, $4, $5, $6, $7, $8, $9, $10) RETURNING "id"[0m  [["name", "Sonsing"], ["description", "Id debitis ut aut sapiente et rerum sint. Id veniam sint ducimus accusamus quaerat eum. Esse ad illum doloribus. Fuga at cumque consequatur dolore aut facilis. Ullam et rerum qui at aut natus unde."], ["category", "Sports"], ["price", 88.7], ["version", "0.65"], ["author", "Legros, Gibson and Hermiston"], ["logo", "https://pigment.github.io/fake-logos/logos/medium/color/8.png"], ["featured", "f"], ["created_at", "2018-03-14 15:44:12.343212"], ["updated_at", "2018-03-14 15:44:12.343212"]]
  [1m[35m (0.5ms)[0m  [1m[35mCOMMIT[0m
  [1m[35m (0.1ms)[0m  [1m[35mBEGIN[0m
  [1m[35mSQL (0.4ms)[0m  [1m[32mINSERT INTO "apps" ("name", "description", "category", "price", "version", "author", "logo", "featured", "created_at", "updated_at") VALUES ($1, $2, $3, $4, $5, $6, $7, $8, $9, $10) RETURNING "id"[0m  [["name", "Span"], ["description", "Modi dolorum quia enim corrupti illum. Autem et ut. Id est quod. Optio libero voluptatibus et aut. Illo est blanditiis velit nesciunt."], ["category", "Business"], ["price", 14.5], ["version", "6.80"], ["author", "Moen Inc"], ["logo", "https://pigment.github.io/fake-logos/logos/medium/color/13.png"], ["featured", "f"], ["created_at", "2018-03-14 15:44:12.345716"], ["updated_at", "2018-03-14 15:44:12.345716"]]
  [1m[35m (0.6ms)[0m  [1m[35mCOMMIT[0m
  [1m[35m (0.4ms)[0m  [1m[35mBEGIN[0m
  [1m[35mSQL (0.4ms)[0m  [1m[32mINSERT INTO "apps" ("name", "description", "category", "price", "version", "author", "logo", "featured", "created_at", "updated_at") VALUES ($1, $2, $3, $4, $5, $6, $7, $8, $9, $10) RETURNING "id"[0m  [["name", "Prodder"], ["description", "Aut cum architecto accusamus ex veritatis corporis. Deleniti soluta quam qui blanditiis enim. Nobis sint minima. Repudiandae incidunt nesciunt odit neque temporibus."], ["category", "Sports"], ["price", 91.88], ["version", "0.54"], ["author", "Rowe-Walsh"], ["logo", "https://pigment.github.io/fake-logos/logos/medium/color/13.png"], ["featured", "t"], ["created_at", "2018-03-14 15:44:12.349411"], ["updated_at", "2018-03-14 15:44:12.349411"]]
  [1m[35m (0.4ms)[0m  [1m[35mCOMMIT[0m
  [1m[35m (0.1ms)[0m  [1m[35mBEGIN[0m
  [1m[35mSQL (0.4ms)[0m  [1m[32mINSERT INTO "apps" ("name", "description", "category", "price", "version", "author", "logo", "featured", "created_at", "updated_at") VALUES ($1, $2, $3, $4, $5, $6, $7, $8, $9, $10) RETURNING "id"[0m  [["name", "Vagram"], ["description", "Cum ut praesentium ut temporibus et dolorem. Unde consequatur pariatur incidunt et omnis. Fugit qui ad officiis aut. Nisi quod rerum. Odio soluta et eos rerum nulla corrupti. Quas unde sapiente quia et."], ["category", "Health & Fitness"], ["price", 80.98], ["version", "7.3.4"], ["author", "Bartoletti, Rice and Runolfsson"], ["logo", "https://pigment.github.io/fake-logos/logos/medium/color/8.png"], ["featured", "t"], ["created_at", "2018-03-14 15:44:12.352368"], ["updated_at", "2018-03-14 15:44:12.352368"]]
  [1m[35m (0.5ms)[0m  [1m[35mCOMMIT[0m
  [1m[35m (0.1ms)[0m  [1m[35mBEGIN[0m
  [1m[35mSQL (0.4ms)[0m  [1m[32mINSERT INTO "apps" ("name", "description", "category", "price", "version", "author", "logo", "featured", "created_at", "updated_at") VALUES ($1, $2, $3, $4, $5, $6, $7, $8, $9, $10) RETURNING "id"[0m  [["name", "Zathin"], ["description", "Aut tempora perspiciatis soluta est dolor labore qui. Dolorum tenetur beatae excepturi distinctio dolorem et repellat. Sit aut laudantium. Ratione quia minus soluta provident quo. Quia asperiores molestiae enim odio ea."], ["category", "Business"], ["price", 69.61], ["version", "3.1"], ["author", "Weber-Kling"], ["logo", "https://pigment.github.io/fake-logos/logos/medium/color/3.png"], ["featured", "t"], ["created_at", "2018-03-14 15:44:12.355041"], ["updated_at", "2018-03-14 15:44:12.355041"]]
  [1m[35m (0.4ms)[0m  [1m[35mCOMMIT[0m
  [1m[35m (0.1ms)[0m  [1m[35mBEGIN[0m
  [1m[35mSQL (0.4ms)[0m  [1m[32mINSERT INTO "apps" ("name", "description", "category", "price", "version", "author", "logo", "featured", "created_at", "updated_at") VALUES ($1, $2, $3, $4, $5, $6, $7, $8, $9, $10) RETURNING "id"[0m  [["name", "Zoolab"], ["description", "Suscipit voluptatum eveniet. Harum aut doloribus dolorum sit. Et autem quia. Perferendis cupiditate quia vel facilis earum consequatur suscipit."], ["category", "Sports"], ["price", 80.39], ["version", "0.74"], ["author", "Ruthie Kemmer"], ["logo", "https://pigment.github.io/fake-logos/logos/medium/color/1.png"], ["featured", "t"], ["created_at", "2018-03-14 15:44:12.357437"], ["updated_at", "2018-03-14 15:44:12.357437"]]
  [1m[35m (0.5ms)[0m  [1m[35mCOMMIT[0m
  [1m[35m (0.2ms)[0m  [1m[35mBEGIN[0m
  [1m[35mSQL (0.4ms)[0m  [1m[32mINSERT INTO "apps" ("name", "description", "category", "price", "version", "author", "logo", "featured", "created_at", "updated_at") VALUES ($1, $2, $3, $4, $5, $6, $7, $8, $9, $10) RETURNING "id"[0m  [["name", "Bitwolf"], ["description", "Dolores et quod. Et a sed veritatis. Ad sint accusamus. Nemo repellat sed ut."], ["category", "Lifestyle"], ["price", 44.87], ["version", "2.13"], ["author", "Murray, Hermann and Kreiger"], ["logo", "https://pigment.github.io/fake-logos/logos/medium/color/10.png"], ["featured", "f"], ["created_at", "2018-03-14 15:44:12.359918"], ["updated_at", "2018-03-14 15:44:12.359918"]]
  [1m[35m (0.5ms)[0m  [1m[35mCOMMIT[0m
  [1m[35m (0.1ms)[0m  [1m[35mBEGIN[0m
  [1m[35mSQL (0.4ms)[0m  [1m[32mINSERT INTO "apps" ("name", "description", "category", "price", "version", "author", "logo", "featured", "created_at", "updated_at") VALUES ($1, $2, $3, $4, $5, $6, $7, $8, $9, $10) RETURNING "id"[0m  [["name", "Flowdesk"], ["description", "Eum quas fugiat illo commodi neque alias. Consequatur error voluptatum et veniam. Quibusdam fugiat neque aperiam magnam ea. Similique quia ut sint iusto et nihil. Eveniet iste at."], ["category", "Business"], ["price", 24.99], ["version", "9.1"], ["author", "Kuphal Inc"], ["logo", "https://pigment.github.io/fake-logos/logos/medium/color/7.png"], ["featured", "t"], ["created_at", "2018-03-14 15:44:12.362392"], ["updated_at", "2018-03-14 15:44:12.362392"]]
  [1m[35m (0.5ms)[0m  [1m[35mCOMMIT[0m
  [1m[35m (0.2ms)[0m  [1m[35mBEGIN[0m
  [1m[35mSQL (0.5ms)[0m  [1m[32mINSERT INTO "apps" ("name", "description", "category", "price", "version", "author", "logo", "featured", "created_at", "updated_at") VALUES ($1, $2, $3, $4, $5, $6, $7, $8, $9, $10) RETURNING "id"[0m  [["name", "Toughjoyfax"], ["description", "Sequi ut et consequatur velit. Recusandae accusantium rerum. Aut quia nemo repellendus occaecati doloribus. Sit deserunt architecto voluptatem dolorum accusamus eum tempora."], ["category", "Health & Fitness"], ["price", 3.9], ["version", "7.29"], ["author", "Dr. Tate Heathcote"], ["logo", "https://pigment.github.io/fake-logos/logos/medium/color/10.png"], ["featured", "t"], ["created_at", "2018-03-14 15:44:12.364915"], ["updated_at", "2018-03-14 15:44:12.364915"]]
  [1m[35m (0.5ms)[0m  [1m[35mCOMMIT[0m
  [1m[35m (0.1ms)[0m  [1m[35mBEGIN[0m
  [1m[35mSQL (0.4ms)[0m  [1m[32mINSERT INTO "apps" ("name", "description", "category", "price", "version", "author", "logo", "featured", "created_at", "updated_at") VALUES ($1, $2, $3, $4, $5, $6, $7, $8, $9, $10) RETURNING "id"[0m  [["name", "Stringtough"], ["description", "Eum et reprehenderit qui sit. Alias tenetur minima dolorem. Pariatur ratione ea enim sunt. Quia iure ipsum autem possimus qui. Dolorem vel aut aut."], ["category", "Business"], ["price", 48.49], ["version", "0.71"], ["author", "Violette Harvey"], ["logo", "https://pigment.github.io/fake-logos/logos/medium/color/7.png"], ["featured", "t"], ["created_at", "2018-03-14 15:44:12.367867"], ["updated_at", "2018-03-14 15:44:12.367867"]]
  [1m[35m (0.5ms)[0m  [1m[35mCOMMIT[0m
  [1m[35m (0.2ms)[0m  [1m[35mBEGIN[0m
  [1m[35mSQL (0.4ms)[0m  [1m[32mINSERT INTO "apps" ("name", "description", "category", "price", "version", "author", "logo", "featured", "created_at", "updated_at") VALUES ($1, $2, $3, $4, $5, $6, $7, $8, $9, $10) RETURNING "id"[0m  [["name", "Aerified"], ["description", "Laborum exercitationem adipisci officiis. Temporibus quae mollitia. Sit quaerat accusamus asperiores similique quis. Dolorem velit harum iusto. Qui aut nostrum similique tempore."], ["category", "Business"], ["price", 89.1], ["version", "9.63"], ["author", "Denesik, Ryan and Kihn"], ["logo", "https://pigment.github.io/fake-logos/logos/medium/color/9.png"], ["featured", "f"], ["created_at", "2018-03-14 15:44:12.370519"], ["updated_at", "2018-03-14 15:44:12.370519"]]
  [1m[35m (0.5ms)[0m  [1m[35mCOMMIT[0m
  [1m[35m (0.1ms)[0m  [1m[35mBEGIN[0m
  [1m[35mSQL (0.4ms)[0m  [1m[32mINSERT INTO "apps" ("name", "description", "category", "price", "version", "author", "logo", "featured", "created_at", "updated_at") VALUES ($1, $2, $3, $4, $5, $6, $7, $8, $9, $10) RETURNING "id"[0m  [["name", "Job"], ["description", "Debitis sit est. Cumque aut autem earum sequi laborum ut. Sapiente aut ut ea ab. Voluptates et quidem esse quia beatae culpa eos."], ["category", "Lifestyle"], ["price", 84.39], ["version", "0.7.3"], ["author", "Noelia Greenfelder"], ["logo", "https://pigment.github.io/fake-logos/logos/medium/color/10.png"], ["featured", "t"], ["created_at", "2018-03-14 15:44:12.372897"], ["updated_at", "2018-03-14 15:44:12.372897"]]
  [1m[35m (0.5ms)[0m  [1m[35mCOMMIT[0m
  [1m[35m (0.1ms)[0m  [1m[35mBEGIN[0m
  [1m[35mSQL (0.4ms)[0m  [1m[32mINSERT INTO "apps" ("name", "description", "category", "price", "version", "author", "logo", "featured", "created_at", "updated_at") VALUES ($1, $2, $3, $4, $5, $6, $7, $8, $9, $10) RETURNING "id"[0m  [["name", "Keylex"], ["description", "Asperiores est et. Quia incidunt nesciunt. Rerum labore velit. Ipsa itaque placeat veniam. Dolore aliquid aliquam. Et corrupti eos."], ["category", "Business"], ["price", 33.46], ["version", "1.58"], ["author", "Gislason, Williamson and Torphy"], ["logo", "https://pigment.github.io/fake-logos/logos/medium/color/8.png"], ["featured", "t"], ["created_at", "2018-03-14 15:44:12.375424"], ["updated_at", "2018-03-14 15:44:12.375424"]]
  [1m[35m (0.5ms)[0m  [1m[35mCOMMIT[0m
  [1m[35m (0.1ms)[0m  [1m[35mBEGIN[0m
  [1m[35mSQL (0.4ms)[0m  [1m[32mINSERT INTO "apps" ("name", "description", "category", "price", "version", "author", "logo", "featured", "created_at", "updated_at") VALUES ($1, $2, $3, $4, $5, $6, $7, $8, $9, $10) RETURNING "id"[0m  [["name", "Y-Solowarm"], ["description", "Quia qui nulla. Ut debitis dolorem. Ea perspiciatis et animi illo dolorem sed aperiam. Quis nulla ut quia ut voluptatem."], ["category", "Entertainment"], ["price", 83.97], ["version", "9.76"], ["author", "Dr. Cary Brekke"], ["logo", "https://pigment.github.io/fake-logos/logos/medium/color/11.png"], ["featured", "f"], ["created_at", "2018-03-14 15:44:12.378151"], ["updated_at", "2018-03-14 15:44:12.378151"]]
  [1m[35m (0.5ms)[0m  [1m[35mCOMMIT[0m
  [1m[35m (0.2ms)[0m  [1m[35mBEGIN[0m
  [1m[35mSQL (0.4ms)[0m  [1m[32mINSERT INTO "apps" ("name", "description", "category", "price", "version", "author", "logo", "featured", "created_at", "updated_at") VALUES ($1, $2, $3, $4, $5, $6, $7, $8, $9, $10) RETURNING "id"[0m  [["name", "Job"], ["description", "Iste ad voluptate non sunt libero nisi. Sunt dolorum sit. Minus id vel. Consequatur facere natus repellendus et vel et temporibus."], ["category", "Sports"], ["price", 10.22], ["version", "3.19"], ["author", "Miss Giles Wuckert"], ["logo", "https://pigment.github.io/fake-logos/logos/medium/color/13.png"], ["featured", "f"], ["created_at", "2018-03-14 15:44:12.380691"], ["updated_at", "2018-03-14 15:44:12.380691"]]
  [1m[35m (0.4ms)[0m  [1m[35mCOMMIT[0m
  [1m[35m (0.1ms)[0m  [1m[35mBEGIN[0m
  [1m[35mSQL (0.4ms)[0m  [1m[32mINSERT INTO "apps" ("name", "description", "category", "price", "version", "author", "logo", "featured", "created_at", "updated_at") VALUES ($1, $2, $3, $4, $5, $6, $7, $8, $9, $10) RETURNING "id"[0m  [["name", "Cookley"], ["description", "Qui unde quae consequuntur placeat eum consequatur recusandae. Tempore delectus magnam illum blanditiis voluptatem. Nostrum commodi praesentium. Delectus quam distinctio ipsam odit voluptates animi quis. Sed vel et ut veniam voluptatum molestiae quod."], ["category", "Business"], ["price", 97.61], ["version", "2.3"], ["author", "Kiley Bailey"], ["logo", "https://pigment.github.io/fake-logos/logos/medium/color/1.png"], ["featured", "t"], ["created_at", "2018-03-14 15:44:12.383367"], ["updated_at", "2018-03-14 15:44:12.383367"]]
  [1m[35m (0.5ms)[0m  [1m[35mCOMMIT[0m
  [1m[35m (0.1ms)[0m  [1m[35mBEGIN[0m
  [1m[35mSQL (0.4ms)[0m  [1m[32mINSERT INTO "apps" ("name", "description", "category", "price", "version", "author", "logo", "featured", "created_at", "updated_at") VALUES ($1, $2, $3, $4, $5, $6, $7, $8, $9, $10) RETURNING "id"[0m  [["name", "Bitchip"], ["description", "Voluptatem ut laudantium error omnis ab et quasi. Iste officiis sint et libero et est perspiciatis. Qui omnis dicta omnis eligendi. Repudiandae ad nihil corrupti harum. Culpa explicabo impedit aut adipisci maxime nihil fuga. Ut molestiae sapiente temporibus harum quaerat sed ipsum."], ["category", "Lifestyle"], ["price", 83.75], ["version", "6.4"], ["author", "Scot Purdy II"], ["logo", "https://pigment.github.io/fake-logos/logos/medium/color/2.png"], ["featured", "t"], ["created_at", "2018-03-14 15:44:12.386206"], ["updated_at", "2018-03-14 15:44:12.386206"]]
  [1m[35m (0.4ms)[0m  [1m[35mCOMMIT[0m
  [1m[35m (0.2ms)[0m  [1m[35mBEGIN[0m
  [1m[35mSQL (0.4ms)[0m  [1m[32mINSERT INTO "apps" ("name", "description", "category", "price", "version", "author", "logo", "featured", "created_at", "updated_at") VALUES ($1, $2, $3, $4, $5, $6, $7, $8, $9, $10) RETURNING "id"[0m  [["name", "Mat Lam Tam"], ["description", "Quibusdam omnis provident necessitatibus. Qui provident voluptatem exercitationem. Reprehenderit natus magni deleniti id praesentium. Ea error aspernatur quisquam ullam. Aut vitae deleniti rerum consequatur. Suscipit nam necessitatibus quae iste ipsa."], ["category", "Sports"], ["price", 92.88], ["version", "0.1.7"], ["author", "Beatty-Mann"], ["logo", "https://pigment.github.io/fake-logos/logos/medium/color/6.png"], ["featured", "t"], ["created_at", "2018-03-14 15:44:12.388899"], ["updated_at", "2018-03-14 15:44:12.388899"]]
  [1m[35m (0.5ms)[0m  [1m[35mCOMMIT[0m
Started GET "/api/apps" for 127.0.0.1 at 2018-03-14 11:30:48 -0600
  [1m[35m (2.5ms)[0m  [1m[34mSELECT "schema_migrations"."version" FROM "schema_migrations" ORDER BY "schema_migrations"."version" ASC[0m
Processing by Api::AppsController#index as HTML
  [1m[36mApp Load (30.4ms)[0m  [1m[34mSELECT "apps".* FROM "apps" ORDER BY "apps"."created_at" DESC[0m
Completed 200 OK in 140ms (Views: 76.4ms | ActiveRecord: 59.6ms)


Started GET "/api/apps" for 127.0.0.1 at 2018-03-14 12:08:51 -0600
Processing by Api::AppsController#index as HTML
  [1m[36mApp Load (4.7ms)[0m  [1m[34mSELECT "apps".* FROM "apps" ORDER BY "apps"."created_at" DESC[0m
Completed 200 OK in 3526ms (Views: 2878.0ms | ActiveRecord: 568.1ms)


Started GET "/api/apps" for 127.0.0.1 at 2018-03-14 12:16:58 -0600
Processing by Api::AppsController#index as HTML
  [1m[36mApp Load (2.3ms)[0m  [1m[34mSELECT "apps".* FROM "apps" ORDER BY "apps"."created_at" DESC[0m
Completed 200 OK in 137ms (Views: 130.3ms | ActiveRecord: 2.3ms)


Started GET "/api/apps" for 127.0.0.1 at 2018-03-14 12:17:11 -0600
Processing by Api::AppsController#index as HTML
  [1m[36mApp Load (1.2ms)[0m  [1m[34mSELECT "apps".* FROM "apps" ORDER BY "apps"."created_at" DESC[0m
Completed 200 OK in 47ms (Views: 45.5ms | ActiveRecord: 1.2ms)


Started GET "/api/apps" for 127.0.0.1 at 2018-03-14 12:18:11 -0600
Processing by Api::AppsController#index as HTML
  [1m[36mApp Load (12.1ms)[0m  [1m[34mSELECT "apps".* FROM "apps" ORDER BY "apps"."created_at" DESC[0m
Completed 200 OK in 57ms (Views: 44.4ms | ActiveRecord: 12.1ms)


Started GET "/api/apps" for 127.0.0.1 at 2018-03-14 12:31:42 -0600
Processing by Api::AppsController#index as HTML
  [1m[36mApp Load (9.4ms)[0m  [1m[34mSELECT "apps".* FROM "apps" ORDER BY "apps"."created_at" DESC[0m
Completed 200 OK in 175ms (Views: 153.0ms | ActiveRecord: 9.4ms)


Started GET "/api/apps" for 127.0.0.1 at 2018-03-14 12:32:34 -0600
Processing by Api::AppsController#index as HTML
  [1m[36mApp Load (1.9ms)[0m  [1m[34mSELECT "apps".* FROM "apps" ORDER BY "apps"."created_at" DESC[0m
Completed 200 OK in 141ms (Views: 138.5ms | ActiveRecord: 1.9ms)


Started GET "/api/apps" for 127.0.0.1 at 2018-03-14 13:53:02 -0600
Processing by Api::AppsController#index as HTML
  [1m[36mApp Load (21.5ms)[0m  [1m[34mSELECT "apps".* FROM "apps" ORDER BY "apps"."created_at" DESC[0m
Completed 200 OK in 242ms (Views: 216.0ms | ActiveRecord: 21.5ms)


Started GET "/api/apps" for 127.0.0.1 at 2018-03-14 13:54:22 -0600
Processing by Api::AppsController#index as HTML
  [1m[36mApp Load (2.2ms)[0m  [1m[34mSELECT "apps".* FROM "apps" ORDER BY "apps"."created_at" DESC[0m
Completed 200 OK in 134ms (Views: 128.2ms | ActiveRecord: 2.2ms)


